{"meta": {"format": 3, "version": "7.9.1", "timestamp": "2025-07-11T16:28:13.761952", "branch_coverage": true, "show_contexts": false}, "files": {"src/__init__.py": {"executed_lines": [], "summary": {"covered_lines": 0, "num_statements": 3, "percent_covered": 0.0, "percent_covered_display": "0.00", "missing_lines": 3, "excluded_lines": 0, "num_branches": 0, "num_partial_branches": 0, "covered_branches": 0, "missing_branches": 0}, "missing_lines": [5, 7, 9], "excluded_lines": [], "executed_branches": [], "missing_branches": [], "functions": {"": {"executed_lines": [], "summary": {"covered_lines": 0, "num_statements": 3, "percent_covered": 0.0, "percent_covered_display": "0.00", "missing_lines": 3, "excluded_lines": 0, "num_branches": 0, "num_partial_branches": 0, "covered_branches": 0, "missing_branches": 0}, "missing_lines": [5, 7, 9], "excluded_lines": [], "executed_branches": [], "missing_branches": []}}, "classes": {"": {"executed_lines": [], "summary": {"covered_lines": 0, "num_statements": 3, "percent_covered": 0.0, "percent_covered_display": "0.00", "missing_lines": 3, "excluded_lines": 0, "num_branches": 0, "num_partial_branches": 0, "covered_branches": 0, "missing_branches": 0}, "missing_lines": [5, 7, 9], "excluded_lines": [], "executed_branches": [], "missing_branches": []}}}, "src/cli/__init__.py": {"executed_lines": [], "summary": {"covered_lines": 0, "num_statements": 0, "percent_covered": 100.0, "percent_covered_display": "100.00", "missing_lines": 0, "excluded_lines": 0, "num_branches": 0, "num_partial_branches": 0, "covered_branches": 0, "missing_branches": 0}, "missing_lines": [], "excluded_lines": [], "executed_branches": [], "missing_branches": [], "functions": {"": {"executed_lines": [], "summary": {"covered_lines": 0, "num_statements": 0, "percent_covered": 100.0, "percent_covered_display": "100.00", "missing_lines": 0, "excluded_lines": 0, "num_branches": 0, "num_partial_branches": 0, "covered_branches": 0, "missing_branches": 0}, "missing_lines": [], "excluded_lines": [], "executed_branches": [], "missing_branches": []}}, "classes": {"": {"executed_lines": [], "summary": {"covered_lines": 0, "num_statements": 0, "percent_covered": 100.0, "percent_covered_display": "100.00", "missing_lines": 0, "excluded_lines": 0, "num_branches": 0, "num_partial_branches": 0, "covered_branches": 0, "missing_branches": 0}, "missing_lines": [], "excluded_lines": [], "executed_branches": [], "missing_branches": []}}}, "src/cli/__main__.py": {"executed_lines": [], "summary": {"covered_lines": 0, "num_statements": 336, "percent_covered": 0.0, "percent_covered_display": "0.00", "missing_lines": 336, "excluded_lines": 2, "num_branches": 90, "num_partial_branches": 0, "covered_branches": 0, "missing_branches": 90}, "missing_lines": [4, 6, 9, 10, 11, 12, 14, 15, 16, 17, 19, 20, 21, 22, 24, 25, 26, 27, 29, 30, 31, 32, 34, 35, 36, 37, 40, 41, 42, 43, 45, 46, 47, 48, 50, 51, 52, 53, 54, 55, 57, 58, 59, 60, 61, 62, 64, 65, 66, 67, 70, 71, 72, 77, 81, 82, 83, 84, 85, 86, 87, 88, 89, 90, 91, 92, 96, 97, 99, 100, 101, 104, 105, 106, 109, 110, 111, 112, 115, 117, 118, 119, 126, 127, 129, 130, 131, 132, 133, 134, 136, 137, 138, 139, 140, 142, 145, 146, 149, 150, 151, 152, 154, 155, 157, 158, 159, 160, 162, 163, 165, 166, 167, 168, 169, 172, 173, 175, 176, 177, 180, 181, 182, 185, 186, 189, 191, 192, 193, 194, 196, 197, 198, 199, 201, 202, 203, 204, 205, 206, 207, 210, 211, 213, 214, 215, 218, 219, 220, 223, 224, 227, 229, 230, 231, 232, 234, 235, 236, 237, 239, 241, 242, 243, 246, 247, 248, 251, 252, 253, 254, 255, 259, 260, 262, 264, 265, 267, 269, 270, 271, 274, 290, 293, 296, 297, 298, 299, 301, 302, 303, 305, 306, 307, 310, 311, 312, 313, 314, 316, 317, 318, 321, 323, 324, 326, 327, 328, 331, 332, 334, 335, 336, 339, 340, 341, 342, 343, 346, 347, 350, 351, 354, 355, 356, 357, 362, 363, 364, 368, 370, 371, 372, 373, 376, 377, 378, 379, 380, 387, 390, 393, 394, 395, 396, 397, 398, 399, 400, 403, 405, 406, 407, 408, 411, 412, 413, 414, 417, 418, 419, 420, 421, 422, 425, 427, 428, 429, 432, 433, 434, 435, 436, 438, 439, 442, 443, 444, 445, 446, 447, 450, 451, 452, 453, 456, 459, 505, 507, 557, 558, 563, 564, 566, 568, 570, 571, 572, 573, 574, 575, 576, 580, 581, 582, 584, 585, 588, 589, 590, 592, 594, 595, 596, 599, 600, 601, 602, 603, 605, 607, 609, 610, 611, 612, 613, 614, 615, 616, 617, 618, 619, 620, 621, 622, 623], "excluded_lines": [626, 627], "executed_branches": [], "missing_branches": [[81, 82], [81, 83], [83, 84], [83, 85], [85, 86], [85, 87], [87, 88], [87, 89], [89, 90], [89, 91], [91, 92], [91, 96], [136, 137], [136, 142], [139, 140], [139, 145], [145, 146], [145, 149], [154, 155], [154, 157], [157, 158], [157, 159], [159, 160], [159, 163], [163, 165], [163, 172], [172, -104], [172, 173], [196, 197], [196, 198], [198, 199], [198, 202], [202, 203], [202, 210], [210, -180], [210, 211], [234, 235], [234, 236], [236, -218], [236, 237], [262, 264], [262, 265], [265, 267], [265, 274], [296, -246], [296, 297], [341, 342], [341, 346], [342, 341], [342, 343], [354, -310], [354, 355], [356, -310], [356, 357], [377, 378], [377, 390], [379, 377], [379, 380], [393, -368], [393, 394], [395, -368], [395, 396], [399, 395], [399, 400], [418, -403], [418, 419], [443, 444], [443, 450], [446, 443], [446, 447], [450, -425], [450, 451], [452, -425], [452, 453], [570, 571], [570, 584], [572, 573], [572, 582], [573, 574], [573, 575], [575, 576], [575, 580], [609, 610], [609, 615], [615, 616], [615, 621], [616, 617], [616, 619], [621, -599], [621, 622]], "functions": {"cli": {"executed_lines": [], "summary": {"covered_lines": 0, "num_statements": 1, "percent_covered": 0.0, "percent_covered_display": "0.00", "missing_lines": 1, "excluded_lines": 0, "num_branches": 0, "num_partial_branches": 0, "covered_branches": 0, "missing_branches": 0}, "missing_lines": [77], "excluded_lines": [], "executed_branches": [], "missing_branches": []}, "setup": {"executed_lines": [], "summary": {"covered_lines": 0, "num_statements": 3, "percent_covered": 0.0, "percent_covered_display": "0.00", "missing_lines": 3, "excluded_lines": 0, "num_branches": 0, "num_partial_branches": 0, "covered_branches": 0, "missing_branches": 0}, "missing_lines": [99, 100, 101], "excluded_lines": [], "executed_branches": [], "missing_branches": []}, "validate": {"executed_lines": [], "summary": {"covered_lines": 0, "num_statements": 41, "percent_covered": 0.0, "percent_covered_display": "0.00", "missing_lines": 41, "excluded_lines": 0, "num_branches": 16, "num_partial_branches": 0, "covered_branches": 0, "missing_branches": 16}, "missing_lines": [117, 118, 119, 126, 127, 129, 130, 131, 132, 133, 134, 136, 137, 138, 139, 140, 142, 145, 146, 149, 150, 151, 152, 154, 155, 157, 158, 159, 160, 162, 163, 165, 166, 167, 168, 169, 172, 173, 175, 176, 177], "excluded_lines": [], "executed_branches": [], "missing_branches": [[136, 137], [136, 142], [139, 140], [139, 145], [145, 146], [145, 149], [154, 155], [154, 157], [157, 158], [157, 159], [159, 160], [159, 163], [163, 165], [163, 172], [172, -104], [172, 173]]}, "audit_security": {"executed_lines": [], "summary": {"covered_lines": 0, "num_statements": 20, "percent_covered": 0.0, "percent_covered_display": "0.00", "missing_lines": 20, "excluded_lines": 0, "num_branches": 8, "num_partial_branches": 0, "covered_branches": 0, "missing_branches": 8}, "missing_lines": [191, 192, 193, 194, 196, 197, 198, 199, 201, 202, 203, 204, 205, 206, 207, 210, 211, 213, 214, 215], "excluded_lines": [], "executed_branches": [], "missing_branches": [[196, 197], [196, 198], [198, 199], [198, 202], [202, 203], [202, 210], [210, -180], [210, 211]]}, "check_compliance": {"executed_lines": [], "summary": {"covered_lines": 0, "num_statements": 12, "percent_covered": 0.0, "percent_covered_display": "0.00", "missing_lines": 12, "excluded_lines": 0, "num_branches": 4, "num_partial_branches": 0, "covered_branches": 0, "missing_branches": 4}, "missing_lines": [229, 230, 231, 232, 234, 235, 236, 237, 239, 241, 242, 243], "excluded_lines": [], "executed_branches": [], "missing_branches": [[234, 235], [234, 236], [236, -218], [236, 237]]}, "estimate_cost": {"executed_lines": [], "summary": {"covered_lines": 0, "num_statements": 22, "percent_covered": 0.0, "percent_covered_display": "0.00", "missing_lines": 22, "excluded_lines": 0, "num_branches": 6, "num_partial_branches": 0, "covered_branches": 0, "missing_branches": 6}, "missing_lines": [259, 260, 262, 264, 265, 267, 269, 270, 271, 274, 290, 293, 296, 297, 298, 299, 301, 302, 303, 305, 306, 307], "excluded_lines": [], "executed_branches": [], "missing_branches": [[262, 264], [262, 265], [265, 267], [265, 274], [296, -246], [296, 297]]}, "analyze_cost": {"executed_lines": [], "summary": {"covered_lines": 0, "num_statements": 30, "percent_covered": 0.0, "percent_covered_display": "0.00", "missing_lines": 30, "excluded_lines": 0, "num_branches": 8, "num_partial_branches": 0, "covered_branches": 0, "missing_branches": 8}, "missing_lines": [316, 317, 318, 321, 323, 324, 326, 327, 328, 331, 332, 334, 335, 336, 339, 340, 341, 342, 343, 346, 347, 350, 351, 354, 355, 356, 357, 362, 363, 364], "excluded_lines": [], "executed_branches": [], "missing_branches": [[341, 342], [341, 346], [342, 341], [342, 343], [354, -310], [354, 355], [356, -310], [356, 357]]}, "print_security_report": {"executed_lines": [], "summary": {"covered_lines": 0, "num_statements": 19, "percent_covered": 0.0, "percent_covered_display": "0.00", "missing_lines": 19, "excluded_lines": 0, "num_branches": 10, "num_partial_branches": 0, "covered_branches": 0, "missing_branches": 10}, "missing_lines": [370, 371, 372, 373, 376, 377, 378, 379, 380, 387, 390, 393, 394, 395, 396, 397, 398, 399, 400], "excluded_lines": [], "executed_branches": [], "missing_branches": [[377, 378], [377, 390], [379, 377], [379, 380], [393, -368], [393, 394], [395, -368], [395, 396], [399, 395], [399, 400]]}, "print_compliance_report": {"executed_lines": [], "summary": {"covered_lines": 0, "num_statements": 14, "percent_covered": 0.0, "percent_covered_display": "0.00", "missing_lines": 14, "excluded_lines": 0, "num_branches": 2, "num_partial_branches": 0, "covered_branches": 0, "missing_branches": 2}, "missing_lines": [405, 406, 407, 408, 411, 412, 413, 414, 417, 418, 419, 420, 421, 422], "excluded_lines": [], "executed_branches": [], "missing_branches": [[418, -403], [418, 419]]}, "print_cost_report": {"executed_lines": [], "summary": {"covered_lines": 0, "num_statements": 20, "percent_covered": 0.0, "percent_covered_display": "0.00", "missing_lines": 20, "excluded_lines": 0, "num_branches": 8, "num_partial_branches": 0, "covered_branches": 0, "missing_branches": 8}, "missing_lines": [427, 428, 429, 432, 433, 434, 435, 436, 438, 439, 442, 443, 444, 445, 446, 447, 450, 451, 452, 453], "excluded_lines": [], "executed_branches": [], "missing_branches": [[443, 444], [443, 450], [446, 443], [446, 447], [450, -425], [450, 451], [452, -425], [452, 453]]}, "generate_html_report": {"executed_lines": [], "summary": {"covered_lines": 0, "num_statements": 1, "percent_covered": 0.0, "percent_covered_display": "0.00", "missing_lines": 1, "excluded_lines": 0, "num_branches": 0, "num_partial_branches": 0, "covered_branches": 0, "missing_branches": 0}, "missing_lines": [459], "excluded_lines": [], "executed_branches": [], "missing_branches": []}, "generate_security_html_report": {"executed_lines": [], "summary": {"covered_lines": 0, "num_statements": 1, "percent_covered": 0.0, "percent_covered_display": "0.00", "missing_lines": 1, "excluded_lines": 0, "num_branches": 0, "num_partial_branches": 0, "covered_branches": 0, "missing_branches": 0}, "missing_lines": [507], "excluded_lines": [], "executed_branches": [], "missing_branches": []}, "deploy_settings": {"executed_lines": [], "summary": {"covered_lines": 0, "num_statements": 14, "percent_covered": 0.0, "percent_covered_display": "0.00", "missing_lines": 14, "excluded_lines": 0, "num_branches": 8, "num_partial_branches": 0, "covered_branches": 0, "missing_branches": 8}, "missing_lines": [566, 568, 570, 571, 572, 573, 574, 575, 576, 580, 581, 582, 584, 585], "excluded_lines": [], "executed_branches": [], "missing_branches": [[570, 571], [570, 584], [572, 573], [572, 582], [573, 574], [573, 575], [575, 576], [575, 580]]}, "rollback_settings": {"executed_lines": [], "summary": {"covered_lines": 0, "num_statements": 4, "percent_covered": 0.0, "percent_covered_display": "0.00", "missing_lines": 4, "excluded_lines": 0, "num_branches": 0, "num_partial_branches": 0, "covered_branches": 0, "missing_branches": 0}, "missing_lines": [592, 594, 595, 596], "excluded_lines": [], "executed_branches": [], "missing_branches": []}, "setup_submodules": {"executed_lines": [], "summary": {"covered_lines": 0, "num_statements": 17, "percent_covered": 0.0, "percent_covered_display": "0.00", "missing_lines": 17, "excluded_lines": 0, "num_branches": 8, "num_partial_branches": 0, "covered_branches": 0, "missing_branches": 8}, "missing_lines": [605, 607, 609, 610, 611, 612, 613, 614, 615, 616, 617, 618, 619, 620, 621, 622, 623], "excluded_lines": [], "executed_branches": [], "missing_branches": [[609, 610], [609, 615], [615, 616], [615, 621], [616, 617], [616, 619], [621, -599], [621, 622]]}, "": {"executed_lines": [], "summary": {"covered_lines": 0, "num_statements": 117, "percent_covered": 0.0, "percent_covered_display": "0.00", "missing_lines": 117, "excluded_lines": 2, "num_branches": 12, "num_partial_branches": 0, "covered_branches": 0, "missing_branches": 12}, "missing_lines": [4, 6, 9, 10, 11, 12, 14, 15, 16, 17, 19, 20, 21, 22, 24, 25, 26, 27, 29, 30, 31, 32, 34, 35, 36, 37, 40, 41, 42, 43, 45, 46, 47, 48, 50, 51, 52, 53, 54, 55, 57, 58, 59, 60, 61, 62, 64, 65, 66, 67, 70, 71, 72, 81, 82, 83, 84, 85, 86, 87, 88, 89, 90, 91, 92, 96, 97, 104, 105, 106, 109, 110, 111, 112, 115, 180, 181, 182, 185, 186, 189, 218, 219, 220, 223, 224, 227, 246, 247, 248, 251, 252, 253, 254, 255, 310, 311, 312, 313, 314, 368, 403, 425, 456, 505, 557, 558, 563, 564, 588, 589, 590, 599, 600, 601, 602, 603], "excluded_lines": [626, 627], "executed_branches": [], "missing_branches": [[81, 82], [81, 83], [83, 84], [83, 85], [85, 86], [85, 87], [87, 88], [87, 89], [89, 90], [89, 91], [91, 92], [91, 96]]}}, "classes": {"": {"executed_lines": [], "summary": {"covered_lines": 0, "num_statements": 336, "percent_covered": 0.0, "percent_covered_display": "0.00", "missing_lines": 336, "excluded_lines": 2, "num_branches": 90, "num_partial_branches": 0, "covered_branches": 0, "missing_branches": 90}, "missing_lines": [4, 6, 9, 10, 11, 12, 14, 15, 16, 17, 19, 20, 21, 22, 24, 25, 26, 27, 29, 30, 31, 32, 34, 35, 36, 37, 40, 41, 42, 43, 45, 46, 47, 48, 50, 51, 52, 53, 54, 55, 57, 58, 59, 60, 61, 62, 64, 65, 66, 67, 70, 71, 72, 77, 81, 82, 83, 84, 85, 86, 87, 88, 89, 90, 91, 92, 96, 97, 99, 100, 101, 104, 105, 106, 109, 110, 111, 112, 115, 117, 118, 119, 126, 127, 129, 130, 131, 132, 133, 134, 136, 137, 138, 139, 140, 142, 145, 146, 149, 150, 151, 152, 154, 155, 157, 158, 159, 160, 162, 163, 165, 166, 167, 168, 169, 172, 173, 175, 176, 177, 180, 181, 182, 185, 186, 189, 191, 192, 193, 194, 196, 197, 198, 199, 201, 202, 203, 204, 205, 206, 207, 210, 211, 213, 214, 215, 218, 219, 220, 223, 224, 227, 229, 230, 231, 232, 234, 235, 236, 237, 239, 241, 242, 243, 246, 247, 248, 251, 252, 253, 254, 255, 259, 260, 262, 264, 265, 267, 269, 270, 271, 274, 290, 293, 296, 297, 298, 299, 301, 302, 303, 305, 306, 307, 310, 311, 312, 313, 314, 316, 317, 318, 321, 323, 324, 326, 327, 328, 331, 332, 334, 335, 336, 339, 340, 341, 342, 343, 346, 347, 350, 351, 354, 355, 356, 357, 362, 363, 364, 368, 370, 371, 372, 373, 376, 377, 378, 379, 380, 387, 390, 393, 394, 395, 396, 397, 398, 399, 400, 403, 405, 406, 407, 408, 411, 412, 413, 414, 417, 418, 419, 420, 421, 422, 425, 427, 428, 429, 432, 433, 434, 435, 436, 438, 439, 442, 443, 444, 445, 446, 447, 450, 451, 452, 453, 456, 459, 505, 507, 557, 558, 563, 564, 566, 568, 570, 571, 572, 573, 574, 575, 576, 580, 581, 582, 584, 585, 588, 589, 590, 592, 594, 595, 596, 599, 600, 601, 602, 603, 605, 607, 609, 610, 611, 612, 613, 614, 615, 616, 617, 618, 619, 620, 621, 622, 623], "excluded_lines": [626, 627], "executed_branches": [], "missing_branches": [[81, 82], [81, 83], [83, 84], [83, 85], [85, 86], [85, 87], [87, 88], [87, 89], [89, 90], [89, 91], [91, 92], [91, 96], [136, 137], [136, 142], [139, 140], [139, 145], [145, 146], [145, 149], [154, 155], [154, 157], [157, 158], [157, 159], [159, 160], [159, 163], [163, 165], [163, 172], [172, -104], [172, 173], [196, 197], [196, 198], [198, 199], [198, 202], [202, 203], [202, 210], [210, -180], [210, 211], [234, 235], [234, 236], [236, -218], [236, 237], [262, 264], [262, 265], [265, 267], [265, 274], [296, -246], [296, 297], [341, 342], [341, 346], [342, 341], [342, 343], [354, -310], [354, 355], [356, -310], [356, 357], [377, 378], [377, 390], [379, 377], [379, 380], [393, -368], [393, 394], [395, -368], [395, 396], [399, 395], [399, 400], [418, -403], [418, 419], [443, 444], [443, 450], [446, 443], [446, 447], [450, -425], [450, 451], [452, -425], [452, 453], [570, 571], [570, 584], [572, 573], [572, 582], [573, 574], [573, 575], [575, 576], [575, 580], [609, 610], [609, 615], [615, 616], [615, 621], [616, 617], [616, 619], [621, -599], [621, 622]]}}}, "src/cli/cloudformation.py": {"executed_lines": [], "summary": {"covered_lines": 0, "num_statements": 145, "percent_covered": 0.0, "percent_covered_display": "0.00", "missing_lines": 145, "excluded_lines": 2, "num_branches": 36, "num_partial_branches": 0, "covered_branches": 0, "missing_branches": 36}, "missing_lines": [6, 7, 8, 10, 12, 13, 16, 17, 19, 22, 23, 24, 25, 26, 27, 29, 31, 33, 35, 36, 39, 40, 41, 43, 44, 45, 48, 49, 50, 51, 52, 53, 55, 57, 60, 61, 62, 65, 67, 68, 70, 71, 72, 75, 76, 77, 83, 84, 85, 87, 89, 92, 94, 95, 97, 98, 99, 102, 103, 104, 105, 106, 107, 108, 110, 112, 114, 116, 117, 118, 119, 120, 123, 124, 125, 126, 127, 129, 131, 132, 134, 135, 137, 138, 141, 143, 144, 145, 148, 149, 151, 152, 158, 162, 163, 164, 167, 168, 169, 170, 171, 173, 175, 176, 179, 181, 182, 183, 186, 188, 189, 193, 194, 195, 196, 198, 199, 200, 201, 202, 203, 204, 206, 208, 209, 210, 213, 214, 215, 216, 217, 218, 219, 221, 223, 226, 229, 232, 234, 235, 237, 240, 242, 243, 244], "excluded_lines": [247, 248], "executed_branches": [], "missing_branches": [[33, 35], [33, 39], [61, 62], [61, 65], [67, -48], [67, 68], [94, -75], [94, 95], [114, 116], [114, 141], [118, 119], [118, 129], [124, 125], [124, 131], [126, 127], [126, 131], [131, 132], [131, 134], [143, 144], [143, 148], [151, -102], [151, 152], [181, 182], [181, 186], [188, 189], [188, 206], [193, -167], [193, 194], [198, 193], [198, 199], [200, 193], [200, 201], [202, 200], [202, 203], [234, 235], [234, 237]], "functions": {"main": {"executed_lines": [], "summary": {"covered_lines": 0, "num_statements": 1, "percent_covered": 0.0, "percent_covered_display": "0.00", "missing_lines": 1, "excluded_lines": 0, "num_branches": 0, "num_partial_branches": 0, "covered_branches": 0, "missing_branches": 0}, "missing_lines": [19], "excluded_lines": [], "executed_branches": [], "missing_branches": []}, "diagnose": {"executed_lines": [], "summary": {"covered_lines": 0, "num_statements": 11, "percent_covered": 0.0, "percent_covered_display": "0.00", "missing_lines": 11, "excluded_lines": 0, "num_branches": 2, "num_partial_branches": 0, "covered_branches": 0, "missing_branches": 2}, "missing_lines": [29, 31, 33, 35, 36, 39, 40, 41, 43, 44, 45], "excluded_lines": [], "executed_branches": [], "missing_branches": [[33, 35], [33, 39]]}, "fix_rollback": {"executed_lines": [], "summary": {"covered_lines": 0, "num_statements": 11, "percent_covered": 0.0, "percent_covered_display": "0.00", "missing_lines": 11, "excluded_lines": 0, "num_branches": 4, "num_partial_branches": 0, "covered_branches": 0, "missing_branches": 4}, "missing_lines": [55, 57, 60, 61, 62, 65, 67, 68, 70, 71, 72], "excluded_lines": [], "executed_branches": [], "missing_branches": [[61, 62], [61, 65], [67, -48], [67, 68]]}, "delete": {"executed_lines": [], "summary": {"covered_lines": 0, "num_statements": 8, "percent_covered": 0.0, "percent_covered_display": "0.00", "missing_lines": 8, "excluded_lines": 0, "num_branches": 2, "num_partial_branches": 0, "covered_branches": 0, "missing_branches": 2}, "missing_lines": [87, 89, 92, 94, 95, 97, 98, 99], "excluded_lines": [], "executed_branches": [], "missing_branches": [[94, -75], [94, 95]]}, "status": {"executed_lines": [], "summary": {"covered_lines": 0, "num_statements": 32, "percent_covered": 0.0, "percent_covered_display": "0.00", "missing_lines": 32, "excluded_lines": 0, "num_branches": 14, "num_partial_branches": 0, "covered_branches": 0, "missing_branches": 14}, "missing_lines": [110, 112, 114, 116, 117, 118, 119, 120, 123, 124, 125, 126, 127, 129, 131, 132, 134, 135, 137, 138, 141, 143, 144, 145, 148, 149, 151, 152, 158, 162, 163, 164], "excluded_lines": [], "executed_branches": [], "missing_branches": [[114, 116], [114, 141], [118, 119], [118, 129], [124, 125], [124, 131], [126, 127], [126, 131], [131, 132], [131, 134], [143, 144], [143, 148], [151, -102], [151, 152]]}, "drift": {"executed_lines": [], "summary": {"covered_lines": 0, "num_statements": 25, "percent_covered": 0.0, "percent_covered_display": "0.00", "missing_lines": 25, "excluded_lines": 0, "num_branches": 12, "num_partial_branches": 0, "covered_branches": 0, "missing_branches": 12}, "missing_lines": [173, 175, 176, 179, 181, 182, 183, 186, 188, 189, 193, 194, 195, 196, 198, 199, 200, 201, 202, 203, 204, 206, 208, 209, 210], "excluded_lines": [], "executed_branches": [], "missing_branches": [[181, 182], [181, 186], [188, 189], [188, 206], [193, -167], [193, 194], [198, 193], [198, 199], [200, 193], [200, 201], [202, 200], [202, 203]]}, "get_output": {"executed_lines": [], "summary": {"covered_lines": 0, "num_statements": 12, "percent_covered": 0.0, "percent_covered_display": "0.00", "missing_lines": 12, "excluded_lines": 0, "num_branches": 2, "num_partial_branches": 0, "covered_branches": 0, "missing_branches": 2}, "missing_lines": [221, 223, 226, 229, 232, 234, 235, 237, 240, 242, 243, 244], "excluded_lines": [], "executed_branches": [], "missing_branches": [[234, 235], [234, 237]]}, "": {"executed_lines": [], "summary": {"covered_lines": 0, "num_statements": 45, "percent_covered": 0.0, "percent_covered_display": "0.00", "missing_lines": 45, "excluded_lines": 2, "num_branches": 0, "num_partial_branches": 0, "covered_branches": 0, "missing_branches": 0}, "missing_lines": [6, 7, 8, 10, 12, 13, 16, 17, 22, 23, 24, 25, 26, 27, 48, 49, 50, 51, 52, 53, 75, 76, 77, 83, 84, 85, 102, 103, 104, 105, 106, 107, 108, 167, 168, 169, 170, 171, 213, 214, 215, 216, 217, 218, 219], "excluded_lines": [247, 248], "executed_branches": [], "missing_branches": []}}, "classes": {"": {"executed_lines": [], "summary": {"covered_lines": 0, "num_statements": 145, "percent_covered": 0.0, "percent_covered_display": "0.00", "missing_lines": 145, "excluded_lines": 2, "num_branches": 36, "num_partial_branches": 0, "covered_branches": 0, "missing_branches": 36}, "missing_lines": [6, 7, 8, 10, 12, 13, 16, 17, 19, 22, 23, 24, 25, 26, 27, 29, 31, 33, 35, 36, 39, 40, 41, 43, 44, 45, 48, 49, 50, 51, 52, 53, 55, 57, 60, 61, 62, 65, 67, 68, 70, 71, 72, 75, 76, 77, 83, 84, 85, 87, 89, 92, 94, 95, 97, 98, 99, 102, 103, 104, 105, 106, 107, 108, 110, 112, 114, 116, 117, 118, 119, 120, 123, 124, 125, 126, 127, 129, 131, 132, 134, 135, 137, 138, 141, 143, 144, 145, 148, 149, 151, 152, 158, 162, 163, 164, 167, 168, 169, 170, 171, 173, 175, 176, 179, 181, 182, 183, 186, 188, 189, 193, 194, 195, 196, 198, 199, 200, 201, 202, 203, 204, 206, 208, 209, 210, 213, 214, 215, 216, 217, 218, 219, 221, 223, 226, 229, 232, 234, 235, 237, 240, 242, 243, 244], "excluded_lines": [247, 248], "executed_branches": [], "missing_branches": [[33, 35], [33, 39], [61, 62], [61, 65], [67, -48], [67, 68], [94, -75], [94, 95], [114, 116], [114, 141], [118, 119], [118, 129], [124, 125], [124, 131], [126, 127], [126, 131], [131, 132], [131, 134], [143, 144], [143, 148], [151, -102], [151, 152], [181, 182], [181, 186], [188, 189], [188, 206], [193, -167], [193, 194], [198, 193], [198, 199], [200, 193], [200, 201], [202, 200], [202, 203], [234, 235], [234, 237]]}}}, "src/cli/database.py": {"executed_lines": [], "summary": {"covered_lines": 0, "num_statements": 143, "percent_covered": 0.0, "percent_covered_display": "0.00", "missing_lines": 143, "excluded_lines": 2, "num_branches": 52, "num_partial_branches": 0, "covered_branches": 0, "missing_branches": 52}, "missing_lines": [6, 7, 9, 11, 12, 15, 16, 18, 21, 22, 23, 26, 27, 28, 31, 32, 34, 36, 37, 39, 42, 43, 44, 45, 46, 47, 48, 50, 51, 54, 55, 56, 59, 60, 61, 62, 65, 67, 70, 73, 74, 75, 78, 81, 82, 83, 84, 86, 87, 88, 91, 92, 93, 96, 97, 98, 99, 101, 102, 105, 106, 109, 110, 111, 112, 113, 114, 116, 117, 120, 121, 123, 124, 126, 127, 128, 131, 132, 133, 136, 137, 138, 140, 142, 143, 145, 148, 151, 152, 153, 155, 157, 158, 159, 162, 163, 164, 167, 168, 170, 171, 174, 175, 176, 177, 178, 179, 181, 182, 184, 185, 186, 188, 189, 191, 192, 193, 196, 197, 198, 201, 202, 203, 204, 206, 207, 208, 211, 214, 215, 217, 218, 220, 221, 223, 224, 225, 226, 228, 229, 231, 232, 233], "excluded_lines": [236, 237], "executed_branches": [], "missing_branches": [[36, 37], [36, 39], [43, 44], [43, 45], [45, 46], [45, 47], [47, 48], [47, 50], [54, 55], [54, 59], [59, 60], [59, 65], [60, 61], [60, 65], [65, 67], [65, 70], [73, 74], [73, 78], [83, -21], [83, 84], [105, 106], [105, 109], [109, 110], [109, 111], [111, 112], [111, 113], [113, 114], [113, 116], [120, 121], [120, 123], [142, 143], [142, 145], [151, 152], [151, 155], [174, 175], [174, 176], [176, 177], [176, 178], [178, 179], [178, 181], [184, -162], [184, 185], [185, 186], [185, 188], [220, 221], [220, 228], [223, 224], [223, 225], [225, 220], [225, 226], [228, -196], [228, 229]], "functions": {"main": {"executed_lines": [], "summary": {"covered_lines": 0, "num_statements": 1, "percent_covered": 0.0, "percent_covered_display": "0.00", "missing_lines": 1, "excluded_lines": 0, "num_branches": 0, "num_partial_branches": 0, "covered_branches": 0, "missing_branches": 0}, "missing_lines": [18], "excluded_lines": [], "executed_branches": [], "missing_branches": []}, "seed": {"executed_lines": [], "summary": {"covered_lines": 0, "num_statements": 34, "percent_covered": 0.0, "percent_covered_display": "0.00", "missing_lines": 34, "excluded_lines": 0, "num_branches": 20, "num_partial_branches": 0, "covered_branches": 0, "missing_branches": 20}, "missing_lines": [34, 36, 37, 39, 42, 43, 44, 45, 46, 47, 48, 50, 51, 54, 55, 56, 59, 60, 61, 62, 65, 67, 70, 73, 74, 75, 78, 81, 82, 83, 84, 86, 87, 88], "excluded_lines": [], "executed_branches": [], "missing_branches": [[36, 37], [36, 39], [43, 44], [43, 45], [45, 46], [45, 47], [47, 48], [47, 50], [54, 55], [54, 59], [59, 60], [59, 65], [60, 61], [60, 65], [65, 67], [65, 70], [73, 74], [73, 78], [83, -21], [83, 84]]}, "clear": {"executed_lines": [], "summary": {"covered_lines": 0, "num_statements": 19, "percent_covered": 0.0, "percent_covered_display": "0.00", "missing_lines": 19, "excluded_lines": 0, "num_branches": 10, "num_partial_branches": 0, "covered_branches": 0, "missing_branches": 10}, "missing_lines": [101, 102, 105, 106, 109, 110, 111, 112, 113, 114, 116, 117, 120, 121, 123, 124, 126, 127, 128], "excluded_lines": [], "executed_branches": [], "missing_branches": [[105, 106], [105, 109], [109, 110], [109, 111], [111, 112], [111, 113], [113, 114], [113, 116], [120, 121], [120, 123]]}, "generate": {"executed_lines": [], "summary": {"covered_lines": 0, "num_statements": 12, "percent_covered": 0.0, "percent_covered_display": "0.00", "missing_lines": 12, "excluded_lines": 0, "num_branches": 4, "num_partial_branches": 0, "covered_branches": 0, "missing_branches": 4}, "missing_lines": [140, 142, 143, 145, 148, 151, 152, 153, 155, 157, 158, 159], "excluded_lines": [], "executed_branches": [], "missing_branches": [[142, 143], [142, 145], [151, 152], [151, 155]]}, "verify": {"executed_lines": [], "summary": {"covered_lines": 0, "num_statements": 18, "percent_covered": 0.0, "percent_covered_display": "0.00", "missing_lines": 18, "excluded_lines": 0, "num_branches": 10, "num_partial_branches": 0, "covered_branches": 0, "missing_branches": 10}, "missing_lines": [170, 171, 174, 175, 176, 177, 178, 179, 181, 182, 184, 185, 186, 188, 189, 191, 192, 193], "excluded_lines": [], "executed_branches": [], "missing_branches": [[174, 175], [174, 176], [176, 177], [176, 178], [178, 179], [178, 181], [184, -162], [184, 185], [185, 186], [185, 188]]}, "list_items": {"executed_lines": [], "summary": {"covered_lines": 0, "num_statements": 19, "percent_covered": 0.0, "percent_covered_display": "0.00", "missing_lines": 19, "excluded_lines": 0, "num_branches": 8, "num_partial_branches": 0, "covered_branches": 0, "missing_branches": 8}, "missing_lines": [206, 207, 208, 211, 214, 215, 217, 218, 220, 221, 223, 224, 225, 226, 228, 229, 231, 232, 233], "excluded_lines": [], "executed_branches": [], "missing_branches": [[220, 221], [220, 228], [223, 224], [223, 225], [225, 220], [225, 226], [228, -196], [228, 229]]}, "": {"executed_lines": [], "summary": {"covered_lines": 0, "num_statements": 40, "percent_covered": 0.0, "percent_covered_display": "0.00", "missing_lines": 40, "excluded_lines": 2, "num_branches": 0, "num_partial_branches": 0, "covered_branches": 0, "missing_branches": 0}, "missing_lines": [6, 7, 9, 11, 12, 15, 16, 21, 22, 23, 26, 27, 28, 31, 32, 91, 92, 93, 96, 97, 98, 99, 131, 132, 133, 136, 137, 138, 162, 163, 164, 167, 168, 196, 197, 198, 201, 202, 203, 204], "excluded_lines": [236, 237], "executed_branches": [], "missing_branches": []}}, "classes": {"": {"executed_lines": [], "summary": {"covered_lines": 0, "num_statements": 143, "percent_covered": 0.0, "percent_covered_display": "0.00", "missing_lines": 143, "excluded_lines": 2, "num_branches": 52, "num_partial_branches": 0, "covered_branches": 0, "missing_branches": 52}, "missing_lines": [6, 7, 9, 11, 12, 15, 16, 18, 21, 22, 23, 26, 27, 28, 31, 32, 34, 36, 37, 39, 42, 43, 44, 45, 46, 47, 48, 50, 51, 54, 55, 56, 59, 60, 61, 62, 65, 67, 70, 73, 74, 75, 78, 81, 82, 83, 84, 86, 87, 88, 91, 92, 93, 96, 97, 98, 99, 101, 102, 105, 106, 109, 110, 111, 112, 113, 114, 116, 117, 120, 121, 123, 124, 126, 127, 128, 131, 132, 133, 136, 137, 138, 140, 142, 143, 145, 148, 151, 152, 153, 155, 157, 158, 159, 162, 163, 164, 167, 168, 170, 171, 174, 175, 176, 177, 178, 179, 181, 182, 184, 185, 186, 188, 189, 191, 192, 193, 196, 197, 198, 201, 202, 203, 204, 206, 207, 208, 211, 214, 215, 217, 218, 220, 221, 223, 224, 225, 226, 228, 229, 231, 232, 233], "excluded_lines": [236, 237], "executed_branches": [], "missing_branches": [[36, 37], [36, 39], [43, 44], [43, 45], [45, 46], [45, 47], [47, 48], [47, 50], [54, 55], [54, 59], [59, 60], [59, 65], [60, 61], [60, 65], [65, 67], [65, 70], [73, 74], [73, 78], [83, -21], [83, 84], [105, 106], [105, 109], [109, 110], [109, 111], [111, 112], [111, 113], [113, 114], [113, 116], [120, 121], [120, 123], [142, 143], [142, 145], [151, 152], [151, 155], [174, 175], [174, 176], [176, 177], [176, 178], [178, 179], [178, 181], [184, -162], [184, 185], [185, 186], [185, 188], [220, 221], [220, 228], [223, 224], [223, 225], [225, 220], [225, 226], [228, -196], [228, 229]]}}}, "src/cli/deploy.py": {"executed_lines": [], "summary": {"covered_lines": 0, "num_statements": 196, "percent_covered": 0.0, "percent_covered_display": "0.00", "missing_lines": 196, "excluded_lines": 2, "num_branches": 68, "num_partial_branches": 0, "covered_branches": 0, "missing_branches": 68}, "missing_lines": [6, 7, 9, 11, 12, 19, 20, 22, 25, 26, 27, 30, 31, 32, 33, 34, 35, 37, 39, 40, 41, 42, 43, 46, 47, 48, 49, 50, 53, 64, 65, 67, 68, 69, 70, 71, 72, 74, 75, 76, 77, 78, 79, 81, 82, 83, 86, 87, 88, 91, 92, 99, 101, 103, 106, 108, 110, 113, 115, 118, 121, 122, 124, 126, 128, 131, 132, 133, 134, 136, 138, 139, 140, 143, 144, 145, 148, 149, 150, 151, 152, 154, 156, 157, 158, 159, 160, 163, 173, 174, 176, 177, 178, 179, 180, 181, 183, 184, 185, 186, 187, 188, 190, 191, 192, 195, 196, 197, 200, 201, 203, 205, 208, 215, 216, 218, 219, 220, 223, 224, 225, 226, 227, 229, 231, 232, 233, 236, 237, 238, 241, 242, 245, 246, 247, 249, 251, 252, 253, 254, 255, 258, 268, 269, 271, 272, 273, 274, 275, 276, 278, 279, 280, 281, 282, 283, 285, 286, 287, 290, 291, 292, 295, 296, 297, 298, 300, 301, 304, 305, 312, 313, 315, 316, 319, 321, 324, 325, 333, 334, 336, 337, 340, 342, 345, 346, 347, 348, 349, 350, 352, 353, 355, 357, 358, 359], "excluded_lines": [362, 363], "executed_branches": [], "missing_branches": [[40, 41], [40, 46], [41, 40], [41, 42], [47, 48], [47, 53], [48, 47], [48, 49], [67, 68], [67, 74], [69, -25], [69, 70], [71, -25], [71, 72], [75, 76], [75, 79], [77, 78], [77, 79], [106, 108], [106, 113], [121, 122], [121, 126], [131, 132], [131, 136], [157, 158], [157, 163], [158, 157], [158, 159], [176, 177], [176, 183], [178, -143], [178, 179], [180, -143], [180, 181], [184, 185], [184, 188], [186, 187], [186, 188], [218, 219], [218, 229], [224, -195], [224, 225], [226, -195], [226, 227], [252, 253], [252, 258], [253, 252], [253, 254], [271, 272], [271, 278], [273, -236], [273, 274], [275, -236], [275, 276], [279, 280], [279, 283], [281, 282], [281, 283], [315, 316], [315, 321], [336, 337], [336, 342], [347, 348], [347, 349], [349, 350], [349, 352], [352, 353], [352, 355]], "functions": {"main": {"executed_lines": [], "summary": {"covered_lines": 0, "num_statements": 1, "percent_covered": 0.0, "percent_covered_display": "0.00", "missing_lines": 1, "excluded_lines": 0, "num_branches": 0, "num_partial_branches": 0, "covered_branches": 0, "missing_branches": 0}, "missing_lines": [22], "excluded_lines": [], "executed_branches": [], "missing_branches": []}, "deploy": {"executed_lines": [], "summary": {"covered_lines": 0, "num_statements": 29, "percent_covered": 0.0, "percent_covered_display": "0.00", "missing_lines": 29, "excluded_lines": 0, "num_branches": 18, "num_partial_branches": 0, "covered_branches": 0, "missing_branches": 18}, "missing_lines": [37, 39, 40, 41, 42, 43, 46, 47, 48, 49, 50, 53, 64, 65, 67, 68, 69, 70, 71, 72, 74, 75, 76, 77, 78, 79, 81, 82, 83], "excluded_lines": [], "executed_branches": [], "missing_branches": [[40, 41], [40, 46], [41, 40], [41, 42], [47, 48], [47, 53], [48, 47], [48, 49], [67, 68], [67, 74], [69, -25], [69, 70], [71, -25], [71, 72], [75, 76], [75, 79], [77, 78], [77, 79]]}, "generate_template": {"executed_lines": [], "summary": {"covered_lines": 0, "num_statements": 21, "percent_covered": 0.0, "percent_covered_display": "0.00", "missing_lines": 21, "excluded_lines": 0, "num_branches": 6, "num_partial_branches": 0, "covered_branches": 0, "missing_branches": 6}, "missing_lines": [101, 103, 106, 108, 110, 113, 115, 118, 121, 122, 124, 126, 128, 131, 132, 133, 134, 136, 138, 139, 140], "excluded_lines": [], "executed_branches": [], "missing_branches": [[106, 108], [106, 113], [121, 122], [121, 126], [131, 132], [131, 136]]}, "cdk_deploy": {"executed_lines": [], "summary": {"covered_lines": 0, "num_statements": 24, "percent_covered": 0.0, "percent_covered_display": "0.00", "missing_lines": 24, "excluded_lines": 0, "num_branches": 14, "num_partial_branches": 0, "covered_branches": 0, "missing_branches": 14}, "missing_lines": [154, 156, 157, 158, 159, 160, 163, 173, 174, 176, 177, 178, 179, 180, 181, 183, 184, 185, 186, 187, 188, 190, 191, 192], "excluded_lines": [], "executed_branches": [], "missing_branches": [[157, 158], [157, 163], [158, 157], [158, 159], [176, 177], [176, 183], [178, -143], [178, 179], [180, -143], [180, 181], [184, 185], [184, 188], [186, 187], [186, 188]]}, "status": {"executed_lines": [], "summary": {"covered_lines": 0, "num_statements": 17, "percent_covered": 0.0, "percent_covered_display": "0.00", "missing_lines": 17, "excluded_lines": 0, "num_branches": 6, "num_partial_branches": 0, "covered_branches": 0, "missing_branches": 6}, "missing_lines": [203, 205, 208, 215, 216, 218, 219, 220, 223, 224, 225, 226, 227, 229, 231, 232, 233], "excluded_lines": [], "executed_branches": [], "missing_branches": [[218, 219], [218, 229], [224, -195], [224, 225], [226, -195], [226, 227]]}, "frontend": {"executed_lines": [], "summary": {"covered_lines": 0, "num_statements": 24, "percent_covered": 0.0, "percent_covered_display": "0.00", "missing_lines": 24, "excluded_lines": 0, "num_branches": 14, "num_partial_branches": 0, "covered_branches": 0, "missing_branches": 14}, "missing_lines": [249, 251, 252, 253, 254, 255, 258, 268, 269, 271, 272, 273, 274, 275, 276, 278, 279, 280, 281, 282, 283, 285, 286, 287], "excluded_lines": [], "executed_branches": [], "missing_branches": [[252, 253], [252, 258], [253, 252], [253, 254], [271, 272], [271, 278], [273, -236], [273, 274], [275, -236], [275, 276], [279, 280], [279, 283], [281, 282], [281, 283]]}, "full": {"executed_lines": [], "summary": {"covered_lines": 0, "num_statements": 30, "percent_covered": 0.0, "percent_covered_display": "0.00", "missing_lines": 30, "excluded_lines": 0, "num_branches": 10, "num_partial_branches": 0, "covered_branches": 0, "missing_branches": 10}, "missing_lines": [300, 301, 304, 305, 312, 313, 315, 316, 319, 321, 324, 325, 333, 334, 336, 337, 340, 342, 345, 346, 347, 348, 349, 350, 352, 353, 355, 357, 358, 359], "excluded_lines": [], "executed_branches": [], "missing_branches": [[315, 316], [315, 321], [336, 337], [336, 342], [347, 348], [347, 349], [349, 350], [349, 352], [352, 353], [352, 355]]}, "": {"executed_lines": [], "summary": {"covered_lines": 0, "num_statements": 50, "percent_covered": 0.0, "percent_covered_display": "0.00", "missing_lines": 50, "excluded_lines": 2, "num_branches": 0, "num_partial_branches": 0, "covered_branches": 0, "missing_branches": 0}, "missing_lines": [6, 7, 9, 11, 12, 19, 20, 25, 26, 27, 30, 31, 32, 33, 34, 35, 86, 87, 88, 91, 92, 99, 143, 144, 145, 148, 149, 150, 151, 152, 195, 196, 197, 200, 201, 236, 237, 238, 241, 242, 245, 246, 247, 290, 291, 292, 295, 296, 297, 298], "excluded_lines": [362, 363], "executed_branches": [], "missing_branches": []}}, "classes": {"": {"executed_lines": [], "summary": {"covered_lines": 0, "num_statements": 196, "percent_covered": 0.0, "percent_covered_display": "0.00", "missing_lines": 196, "excluded_lines": 2, "num_branches": 68, "num_partial_branches": 0, "covered_branches": 0, "missing_branches": 68}, "missing_lines": [6, 7, 9, 11, 12, 19, 20, 22, 25, 26, 27, 30, 31, 32, 33, 34, 35, 37, 39, 40, 41, 42, 43, 46, 47, 48, 49, 50, 53, 64, 65, 67, 68, 69, 70, 71, 72, 74, 75, 76, 77, 78, 79, 81, 82, 83, 86, 87, 88, 91, 92, 99, 101, 103, 106, 108, 110, 113, 115, 118, 121, 122, 124, 126, 128, 131, 132, 133, 134, 136, 138, 139, 140, 143, 144, 145, 148, 149, 150, 151, 152, 154, 156, 157, 158, 159, 160, 163, 173, 174, 176, 177, 178, 179, 180, 181, 183, 184, 185, 186, 187, 188, 190, 191, 192, 195, 196, 197, 200, 201, 203, 205, 208, 215, 216, 218, 219, 220, 223, 224, 225, 226, 227, 229, 231, 232, 233, 236, 237, 238, 241, 242, 245, 246, 247, 249, 251, 252, 253, 254, 255, 258, 268, 269, 271, 272, 273, 274, 275, 276, 278, 279, 280, 281, 282, 283, 285, 286, 287, 290, 291, 292, 295, 296, 297, 298, 300, 301, 304, 305, 312, 313, 315, 316, 319, 321, 324, 325, 333, 334, 336, 337, 340, 342, 345, 346, 347, 348, 349, 350, 352, 353, 355, 357, 358, 359], "excluded_lines": [362, 363], "executed_branches": [], "missing_branches": [[40, 41], [40, 46], [41, 40], [41, 42], [47, 48], [47, 53], [48, 47], [48, 49], [67, 68], [67, 74], [69, -25], [69, 70], [71, -25], [71, 72], [75, 76], [75, 79], [77, 78], [77, 79], [106, 108], [106, 113], [121, 122], [121, 126], [131, 132], [131, 136], [157, 158], [157, 163], [158, 157], [158, 159], [176, 177], [176, 183], [178, -143], [178, 179], [180, -143], [180, 181], [184, 185], [184, 188], [186, 187], [186, 188], [218, 219], [218, 229], [224, -195], [224, 225], [226, -195], [226, 227], [252, 253], [252, 258], [253, 252], [253, 254], [271, 272], [271, 278], [273, -236], [273, 274], [275, -236], [275, 276], [279, 280], [279, 283], [281, 282], [281, 283], [315, 316], [315, 321], [336, 337], [336, 342], [347, 348], [347, 349], [349, 350], [349, 352], [352, 353], [352, 355]]}}}, "src/cli/dynamodb.py": {"executed_lines": [], "summary": {"covered_lines": 0, "num_statements": 150, "percent_covered": 0.0, "percent_covered_display": "0.00", "missing_lines": 150, "excluded_lines": 2, "num_branches": 30, "num_partial_branches": 0, "covered_branches": 0, "missing_branches": 30}, "missing_lines": [9, 10, 11, 12, 13, 14, 15, 17, 18, 19, 20, 22, 23, 26, 27, 29, 32, 33, 34, 35, 36, 37, 39, 40, 42, 43, 44, 46, 47, 50, 51, 52, 53, 54, 57, 58, 60, 61, 62, 63, 68, 69, 84, 85, 86, 87, 88, 89, 92, 93, 94, 113, 114, 115, 116, 117, 118, 121, 122, 125, 127, 128, 131, 132, 133, 135, 136, 138, 140, 141, 143, 144, 146, 149, 150, 151, 152, 154, 155, 157, 158, 159, 161, 162, 165, 174, 191, 192, 193, 194, 195, 207, 210, 211, 212, 213, 214, 215, 216, 218, 219, 222, 223, 224, 225, 227, 228, 230, 238, 239, 240, 242, 243, 244, 245, 247, 248, 249, 252, 253, 254, 256, 257, 259, 260, 261, 263, 264, 266, 295, 296, 297, 298, 299, 302, 304, 305, 307, 310, 312, 320, 321, 322, 323, 324, 325, 326, 327, 328, 330], "excluded_lines": [333, 334], "executed_branches": [], "missing_branches": [[42, 43], [42, 46], [60, 61], [60, 68], [92, 93], [92, 121], [121, 122], [121, 127], [157, 158], [157, 161], [192, 193], [192, 210], [194, 195], [194, 210], [215, 216], [215, 218], [242, 243], [242, 247], [244, -222], [244, 245], [259, 260], [259, 263], [296, 297], [296, 302], [298, 296], [298, 299], [321, 322], [321, 330], [327, 321], [327, 328]], "functions": {"dynamodb": {"executed_lines": [], "summary": {"covered_lines": 0, "num_statements": 1, "percent_covered": 0.0, "percent_covered_display": "0.00", "missing_lines": 1, "excluded_lines": 0, "num_branches": 0, "num_partial_branches": 0, "covered_branches": 0, "missing_branches": 0}, "missing_lines": [29], "excluded_lines": [], "executed_branches": [], "missing_branches": []}, "start": {"executed_lines": [], "summary": {"covered_lines": 0, "num_statements": 40, "percent_covered": 0.0, "percent_covered_display": "0.00", "missing_lines": 40, "excluded_lines": 0, "num_branches": 8, "num_partial_branches": 0, "covered_branches": 0, "missing_branches": 8}, "missing_lines": [39, 40, 42, 43, 44, 46, 47, 50, 51, 52, 53, 54, 57, 58, 60, 61, 62, 63, 68, 69, 84, 85, 86, 87, 88, 89, 92, 93, 94, 113, 114, 115, 116, 117, 118, 121, 122, 125, 127, 128], "excluded_lines": [], "executed_branches": [], "missing_branches": [[42, 43], [42, 46], [60, 61], [60, 68], [92, 93], [92, 121], [121, 122], [121, 127]]}, "stop": {"executed_lines": [], "summary": {"covered_lines": 0, "num_statements": 8, "percent_covered": 0.0, "percent_covered_display": "0.00", "missing_lines": 8, "excluded_lines": 0, "num_branches": 0, "num_partial_branches": 0, "covered_branches": 0, "missing_branches": 0}, "missing_lines": [135, 136, 138, 140, 141, 143, 144, 146], "excluded_lines": [], "executed_branches": [], "missing_branches": []}, "create_tables": {"executed_lines": [], "summary": {"covered_lines": 0, "num_statements": 24, "percent_covered": 0.0, "percent_covered_display": "0.00", "missing_lines": 24, "excluded_lines": 0, "num_branches": 8, "num_partial_branches": 0, "covered_branches": 0, "missing_branches": 8}, "missing_lines": [154, 155, 157, 158, 159, 161, 162, 165, 174, 191, 192, 193, 194, 195, 207, 210, 211, 212, 213, 214, 215, 216, 218, 219], "excluded_lines": [], "executed_branches": [], "missing_branches": [[157, 158], [157, 161], [192, 193], [192, 210], [194, 195], [194, 210], [215, 216], [215, 218]]}, "list_tables": {"executed_lines": [], "summary": {"covered_lines": 0, "num_statements": 13, "percent_covered": 0.0, "percent_covered_display": "0.00", "missing_lines": 13, "excluded_lines": 0, "num_branches": 4, "num_partial_branches": 0, "covered_branches": 0, "missing_branches": 4}, "missing_lines": [227, 228, 230, 238, 239, 240, 242, 243, 244, 245, 247, 248, 249], "excluded_lines": [], "executed_branches": [], "missing_branches": [[242, 243], [242, 247], [244, -222], [244, 245]]}, "generate_compose": {"executed_lines": [], "summary": {"covered_lines": 0, "num_statements": 17, "percent_covered": 0.0, "percent_covered_display": "0.00", "missing_lines": 17, "excluded_lines": 0, "num_branches": 6, "num_partial_branches": 0, "covered_branches": 0, "missing_branches": 6}, "missing_lines": [256, 257, 259, 260, 261, 263, 264, 266, 295, 296, 297, 298, 299, 302, 304, 305, 307], "excluded_lines": [], "executed_branches": [], "missing_branches": [[259, 260], [259, 263], [296, 297], [296, 302], [298, 296], [298, 299]]}, "wait_for_dynamodb": {"executed_lines": [], "summary": {"covered_lines": 0, "num_statements": 11, "percent_covered": 0.0, "percent_covered_display": "0.00", "missing_lines": 11, "excluded_lines": 0, "num_branches": 4, "num_partial_branches": 0, "covered_branches": 0, "missing_branches": 4}, "missing_lines": [312, 320, 321, 322, 323, 324, 325, 326, 327, 328, 330], "excluded_lines": [], "executed_branches": [], "missing_branches": [[321, 322], [321, 330], [327, 321], [327, 328]]}, "": {"executed_lines": [], "summary": {"covered_lines": 0, "num_statements": 36, "percent_covered": 0.0, "percent_covered_display": "0.00", "missing_lines": 36, "excluded_lines": 2, "num_branches": 0, "num_partial_branches": 0, "covered_branches": 0, "missing_branches": 0}, "missing_lines": [9, 10, 11, 12, 13, 14, 15, 17, 18, 19, 20, 22, 23, 26, 27, 32, 33, 34, 35, 36, 37, 131, 132, 133, 149, 150, 151, 152, 222, 223, 224, 225, 252, 253, 254, 310], "excluded_lines": [333, 334], "executed_branches": [], "missing_branches": []}}, "classes": {"": {"executed_lines": [], "summary": {"covered_lines": 0, "num_statements": 150, "percent_covered": 0.0, "percent_covered_display": "0.00", "missing_lines": 150, "excluded_lines": 2, "num_branches": 30, "num_partial_branches": 0, "covered_branches": 0, "missing_branches": 30}, "missing_lines": [9, 10, 11, 12, 13, 14, 15, 17, 18, 19, 20, 22, 23, 26, 27, 29, 32, 33, 34, 35, 36, 37, 39, 40, 42, 43, 44, 46, 47, 50, 51, 52, 53, 54, 57, 58, 60, 61, 62, 63, 68, 69, 84, 85, 86, 87, 88, 89, 92, 93, 94, 113, 114, 115, 116, 117, 118, 121, 122, 125, 127, 128, 131, 132, 133, 135, 136, 138, 140, 141, 143, 144, 146, 149, 150, 151, 152, 154, 155, 157, 158, 159, 161, 162, 165, 174, 191, 192, 193, 194, 195, 207, 210, 211, 212, 213, 214, 215, 216, 218, 219, 222, 223, 224, 225, 227, 228, 230, 238, 239, 240, 242, 243, 244, 245, 247, 248, 249, 252, 253, 254, 256, 257, 259, 260, 261, 263, 264, 266, 295, 296, 297, 298, 299, 302, 304, 305, 307, 310, 312, 320, 321, 322, 323, 324, 325, 326, 327, 328, 330], "excluded_lines": [333, 334], "executed_branches": [], "missing_branches": [[42, 43], [42, 46], [60, 61], [60, 68], [92, 93], [92, 121], [121, 122], [121, 127], [157, 158], [157, 161], [192, 193], [192, 210], [194, 195], [194, 210], [215, 216], [215, 218], [242, 243], [242, 247], [244, -222], [244, 245], [259, 260], [259, 263], [296, 297], [296, 302], [298, 296], [298, 299], [321, 322], [321, 330], [327, 321], [327, 328]]}}}, "src/cli/git.py": {"executed_lines": [], "summary": {"covered_lines": 0, "num_statements": 121, "percent_covered": 0.0, "percent_covered_display": "0.00", "missing_lines": 121, "excluded_lines": 2, "num_branches": 38, "num_partial_branches": 0, "covered_branches": 0, "missing_branches": 38}, "missing_lines": [4, 5, 6, 7, 9, 10, 13, 16, 80, 82, 83, 86, 87, 88, 95, 97, 98, 101, 104, 106, 109, 111, 118, 119, 121, 124, 126, 129, 134, 136, 139, 140, 142, 143, 144, 146, 147, 148, 150, 153, 154, 156, 159, 160, 161, 163, 166, 167, 168, 169, 172, 173, 174, 178, 179, 182, 183, 186, 187, 188, 189, 192, 193, 194, 197, 200, 203, 206, 209, 210, 213, 214, 217, 218, 219, 220, 221, 222, 223, 224, 226, 229, 230, 231, 233, 234, 237, 238, 239, 242, 245, 246, 247, 248, 255, 256, 257, 259, 261, 264, 265, 266, 267, 268, 269, 270, 274, 276, 281, 282, 284, 285, 286, 287, 289, 290, 292, 293, 296, 297, 299], "excluded_lines": [302, 303], "executed_branches": [], "missing_branches": [[118, 119], [118, 121], [139, 140], [139, 142], [143, 144], [143, 150], [144, 143], [144, 146], [147, 143], [147, 148], [167, 168], [167, 172], [173, 174], [173, 178], [187, 188], [187, 192], [218, -209], [218, 219], [220, -209], [220, 221], [223, 224], [223, 226], [233, 234], [233, 237], [238, 239], [238, 264], [245, 246], [245, 261], [256, 257], [256, 259], [267, 268], [267, 276], [269, 270], [269, 274], [286, 287], [286, 289], [296, 297], [296, 299]], "functions": {"run_command": {"executed_lines": [], "summary": {"covered_lines": 0, "num_statements": 5, "percent_covered": 0.0, "percent_covered_display": "0.00", "missing_lines": 5, "excluded_lines": 0, "num_branches": 0, "num_partial_branches": 0, "covered_branches": 0, "missing_branches": 0}, "missing_lines": [82, 83, 86, 87, 88], "excluded_lines": [], "executed_branches": [], "missing_branches": []}, "setup_pre_push_hook": {"executed_lines": [], "summary": {"covered_lines": 0, "num_statements": 5, "percent_covered": 0.0, "percent_covered_display": "0.00", "missing_lines": 5, "excluded_lines": 0, "num_branches": 0, "num_partial_branches": 0, "covered_branches": 0, "missing_branches": 0}, "missing_lines": [97, 98, 101, 104, 106], "excluded_lines": [], "executed_branches": [], "missing_branches": []}, "setup_git_aliases": {"executed_lines": [], "summary": {"covered_lines": 0, "num_statements": 4, "percent_covered": 0.0, "percent_covered_display": "0.00", "missing_lines": 4, "excluded_lines": 0, "num_branches": 2, "num_partial_branches": 0, "covered_branches": 0, "missing_branches": 2}, "missing_lines": [111, 118, 119, 121], "excluded_lines": [], "executed_branches": [], "missing_branches": [[118, 119], [118, 121]]}, "configure_submodule": {"executed_lines": [], "summary": {"covered_lines": 0, "num_statements": 2, "percent_covered": 0.0, "percent_covered_display": "0.00", "missing_lines": 2, "excluded_lines": 0, "num_branches": 0, "num_partial_branches": 0, "covered_branches": 0, "missing_branches": 0}, "missing_lines": [126, 129], "excluded_lines": [], "executed_branches": [], "missing_branches": []}, "get_submodules": {"executed_lines": [], "summary": {"covered_lines": 0, "num_statements": 10, "percent_covered": 0.0, "percent_covered_display": "0.00", "missing_lines": 10, "excluded_lines": 0, "num_branches": 8, "num_partial_branches": 0, "covered_branches": 0, "missing_branches": 8}, "missing_lines": [136, 139, 140, 142, 143, 144, 146, 147, 148, 150], "excluded_lines": [], "executed_branches": [], "missing_branches": [[139, 140], [139, 142], [143, 144], [143, 150], [144, 143], [144, 146], [147, 143], [147, 148]]}, "main": {"executed_lines": [], "summary": {"covered_lines": 0, "num_statements": 1, "percent_covered": 0.0, "percent_covered_display": "0.00", "missing_lines": 1, "excluded_lines": 0, "num_branches": 0, "num_partial_branches": 0, "covered_branches": 0, "missing_branches": 0}, "missing_lines": [156], "excluded_lines": [], "executed_branches": [], "missing_branches": []}, "submodules_setup": {"executed_lines": [], "summary": {"covered_lines": 0, "num_statements": 23, "percent_covered": 0.0, "percent_covered_display": "0.00", "missing_lines": 23, "excluded_lines": 0, "num_branches": 6, "num_partial_branches": 0, "covered_branches": 0, "missing_branches": 6}, "missing_lines": [163, 166, 167, 168, 169, 172, 173, 174, 178, 179, 182, 183, 186, 187, 188, 189, 192, 193, 194, 197, 200, 203, 206], "excluded_lines": [], "executed_branches": [], "missing_branches": [[167, 168], [167, 172], [173, 174], [173, 178], [187, 188], [187, 192]]}, "status": {"executed_lines": [], "summary": {"covered_lines": 0, "num_statements": 11, "percent_covered": 0.0, "percent_covered_display": "0.00", "missing_lines": 11, "excluded_lines": 0, "num_branches": 6, "num_partial_branches": 0, "covered_branches": 0, "missing_branches": 6}, "missing_lines": [213, 214, 217, 218, 219, 220, 221, 222, 223, 224, 226], "excluded_lines": [], "executed_branches": [], "missing_branches": [[218, -209], [218, 219], [220, -209], [220, 221], [223, 224], [223, 226]]}, "pushall": {"executed_lines": [], "summary": {"covered_lines": 0, "num_statements": 24, "percent_covered": 0.0, "percent_covered_display": "0.00", "missing_lines": 24, "excluded_lines": 0, "num_branches": 12, "num_partial_branches": 0, "covered_branches": 0, "missing_branches": 12}, "missing_lines": [233, 234, 237, 238, 239, 242, 245, 246, 247, 248, 255, 256, 257, 259, 261, 264, 265, 266, 267, 268, 269, 270, 274, 276], "excluded_lines": [], "executed_branches": [], "missing_branches": [[233, 234], [233, 237], [238, 239], [238, 264], [245, 246], [245, 261], [256, 257], [256, 259], [267, 268], [267, 276], [269, 270], [269, 274]]}, "pullall": {"executed_lines": [], "summary": {"covered_lines": 0, "num_statements": 11, "percent_covered": 0.0, "percent_covered_display": "0.00", "missing_lines": 11, "excluded_lines": 0, "num_branches": 4, "num_partial_branches": 0, "covered_branches": 0, "missing_branches": 4}, "missing_lines": [284, 285, 286, 287, 289, 290, 292, 293, 296, 297, 299], "excluded_lines": [], "executed_branches": [], "missing_branches": [[286, 287], [286, 289], [296, 297], [296, 299]]}, "": {"executed_lines": [], "summary": {"covered_lines": 0, "num_statements": 25, "percent_covered": 0.0, "percent_covered_display": "0.00", "missing_lines": 25, "excluded_lines": 2, "num_branches": 0, "num_partial_branches": 0, "covered_branches": 0, "missing_branches": 0}, "missing_lines": [4, 5, 6, 7, 9, 10, 13, 16, 80, 95, 109, 124, 134, 153, 154, 159, 160, 161, 209, 210, 229, 230, 231, 281, 282], "excluded_lines": [302, 303], "executed_branches": [], "missing_branches": []}}, "classes": {"": {"executed_lines": [], "summary": {"covered_lines": 0, "num_statements": 121, "percent_covered": 0.0, "percent_covered_display": "0.00", "missing_lines": 121, "excluded_lines": 2, "num_branches": 38, "num_partial_branches": 0, "covered_branches": 0, "missing_branches": 38}, "missing_lines": [4, 5, 6, 7, 9, 10, 13, 16, 80, 82, 83, 86, 87, 88, 95, 97, 98, 101, 104, 106, 109, 111, 118, 119, 121, 124, 126, 129, 134, 136, 139, 140, 142, 143, 144, 146, 147, 148, 150, 153, 154, 156, 159, 160, 161, 163, 166, 167, 168, 169, 172, 173, 174, 178, 179, 182, 183, 186, 187, 188, 189, 192, 193, 194, 197, 200, 203, 206, 209, 210, 213, 214, 217, 218, 219, 220, 221, 222, 223, 224, 226, 229, 230, 231, 233, 234, 237, 238, 239, 242, 245, 246, 247, 248, 255, 256, 257, 259, 261, 264, 265, 266, 267, 268, 269, 270, 274, 276, 281, 282, 284, 285, 286, 287, 289, 290, 292, 293, 296, 297, 299], "excluded_lines": [302, 303], "executed_branches": [], "missing_branches": [[118, 119], [118, 121], [139, 140], [139, 142], [143, 144], [143, 150], [144, 143], [144, 146], [147, 143], [147, 148], [167, 168], [167, 172], [173, 174], [173, 178], [187, 188], [187, 192], [218, -209], [218, 219], [220, -209], [220, 221], [223, 224], [223, 226], [233, 234], [233, 237], [238, 239], [238, 264], [245, 246], [245, 261], [256, 257], [256, 259], [267, 268], [267, 276], [269, 270], [269, 274], [286, 287], [286, 289], [296, 297], [296, 299]]}}}, "src/cli/lambda_cmd.py": {"executed_lines": [], "summary": {"covered_lines": 0, "num_statements": 230, "percent_covered": 0.0, "percent_covered_display": "0.00", "missing_lines": 230, "excluded_lines": 2, "num_branches": 84, "num_partial_branches": 0, "covered_branches": 0, "missing_branches": 84}, "missing_lines": [4, 5, 6, 7, 9, 11, 12, 13, 14, 15, 18, 19, 21, 24, 25, 26, 27, 28, 31, 32, 33, 35, 36, 38, 39, 40, 42, 45, 46, 47, 48, 49, 51, 55, 58, 59, 60, 67, 68, 69, 73, 74, 76, 78, 79, 80, 83, 84, 85, 86, 87, 89, 90, 92, 93, 94, 96, 98, 101, 102, 104, 107, 111, 114, 115, 116, 118, 119, 120, 123, 124, 125, 126, 128, 129, 131, 132, 133, 135, 137, 139, 141, 142, 145, 146, 148, 149, 150, 151, 152, 155, 156, 157, 158, 159, 161, 162, 163, 165, 166, 167, 170, 171, 172, 173, 178, 180, 181, 182, 184, 187, 188, 190, 191, 192, 193, 194, 195, 196, 197, 198, 201, 202, 204, 205, 206, 207, 208, 210, 212, 213, 214, 217, 218, 219, 220, 221, 222, 224, 225, 227, 228, 229, 231, 234, 235, 236, 238, 241, 242, 245, 246, 247, 248, 249, 250, 251, 254, 255, 256, 257, 258, 260, 261, 262, 265, 267, 287, 288, 290, 292, 301, 302, 303, 305, 306, 307, 310, 313, 314, 316, 317, 318, 319, 320, 321, 324, 325, 326, 327, 328, 329, 331, 332, 335, 348, 349, 350, 353, 354, 355, 356, 359, 360, 363, 364, 365, 366, 368, 372, 373, 376, 377, 378, 379, 380, 381, 382, 387, 388, 389, 390, 391, 393, 394, 395, 396, 398, 399, 400], "excluded_lines": [403, 404], "executed_branches": [], "missing_branches": [[38, 39], [38, 42], [45, 46], [45, 58], [46, 47], [46, 48], [48, 49], [48, 51], [58, 59], [58, 67], [67, 68], [67, 73], [92, 93], [92, 96], [101, 102], [101, 104], [131, 132], [131, 135], [139, 141], [139, 145], [165, 166], [165, 170], [171, 172], [171, 180], [172, 171], [172, 173], [173, 171], [173, 178], [180, 181], [180, 184], [190, 191], [190, 201], [204, 205], [204, 210], [206, 207], [206, 208], [227, 228], [227, 231], [235, 236], [235, 245], [236, 238], [236, 241], [246, 247], [246, 254], [248, 249], [248, 254], [249, 248], [249, 250], [255, 256], [255, 260], [256, 255], [256, 257], [260, 261], [260, 265], [265, 267], [265, 313], [301, 302], [301, 305], [348, 349], [348, 353], [353, 354], [353, 355], [355, 356], [355, 359], [359, 360], [359, 363], [364, 365], [364, 387], [365, 366], [365, 387], [366, 365], [366, 368], [372, 373], [372, 376], [376, 365], [376, 377], [378, 365], [378, 379], [381, 365], [381, 382], [387, 388], [387, 393], [389, 390], [389, 391]], "functions": {"main": {"executed_lines": [], "summary": {"covered_lines": 0, "num_statements": 1, "percent_covered": 0.0, "percent_covered_display": "0.00", "missing_lines": 1, "excluded_lines": 0, "num_branches": 0, "num_partial_branches": 0, "covered_branches": 0, "missing_branches": 0}, "missing_lines": [21], "excluded_lines": [], "executed_branches": [], "missing_branches": []}, "build": {"executed_lines": [], "summary": {"covered_lines": 0, "num_statements": 25, "percent_covered": 0.0, "percent_covered_display": "0.00", "missing_lines": 25, "excluded_lines": 0, "num_branches": 12, "num_partial_branches": 0, "covered_branches": 0, "missing_branches": 12}, "missing_lines": [35, 36, 38, 39, 40, 42, 45, 46, 47, 48, 49, 51, 55, 58, 59, 60, 67, 68, 69, 73, 74, 76, 78, 79, 80], "excluded_lines": [], "executed_branches": [], "missing_branches": [[38, 39], [38, 42], [45, 46], [45, 58], [46, 47], [46, 48], [48, 49], [48, 51], [58, 59], [58, 67], [67, 68], [67, 73]]}, "package": {"executed_lines": [], "summary": {"covered_lines": 0, "num_statements": 18, "percent_covered": 0.0, "percent_covered_display": "0.00", "missing_lines": 18, "excluded_lines": 0, "num_branches": 4, "num_partial_branches": 0, "covered_branches": 0, "missing_branches": 4}, "missing_lines": [89, 90, 92, 93, 94, 96, 98, 101, 102, 104, 107, 111, 114, 115, 116, 118, 119, 120], "excluded_lines": [], "executed_branches": [], "missing_branches": [[92, 93], [92, 96], [101, 102], [101, 104]]}, "compile": {"executed_lines": [], "summary": {"covered_lines": 0, "num_statements": 17, "percent_covered": 0.0, "percent_covered_display": "0.00", "missing_lines": 17, "excluded_lines": 0, "num_branches": 4, "num_partial_branches": 0, "covered_branches": 0, "missing_branches": 4}, "missing_lines": [128, 129, 131, 132, 133, 135, 137, 139, 141, 142, 145, 146, 148, 149, 150, 151, 152], "excluded_lines": [], "executed_branches": [], "missing_branches": [[131, 132], [131, 135], [139, 141], [139, 145]]}, "build_all": {"executed_lines": [], "summary": {"covered_lines": 0, "num_statements": 37, "percent_covered": 0.0, "percent_covered_display": "0.00", "missing_lines": 37, "excluded_lines": 0, "num_branches": 16, "num_partial_branches": 0, "covered_branches": 0, "missing_branches": 16}, "missing_lines": [161, 162, 163, 165, 166, 167, 170, 171, 172, 173, 178, 180, 181, 182, 184, 187, 188, 190, 191, 192, 193, 194, 195, 196, 197, 198, 201, 202, 204, 205, 206, 207, 208, 210, 212, 213, 214], "excluded_lines": [], "executed_branches": [], "missing_branches": [[165, 166], [165, 170], [171, 172], [171, 180], [172, 171], [172, 173], [173, 171], [173, 178], [180, 181], [180, 184], [190, 191], [190, 201], [204, 205], [204, 210], [206, 207], [206, 208]]}, "local_test": {"executed_lines": [], "summary": {"covered_lines": 0, "num_statements": 48, "percent_covered": 0.0, "percent_covered_display": "0.00", "missing_lines": 48, "excluded_lines": 0, "num_branches": 22, "num_partial_branches": 0, "covered_branches": 0, "missing_branches": 22}, "missing_lines": [224, 225, 227, 228, 229, 231, 234, 235, 236, 238, 241, 242, 245, 246, 247, 248, 249, 250, 251, 254, 255, 256, 257, 258, 260, 261, 262, 265, 267, 287, 288, 290, 292, 301, 302, 303, 305, 306, 307, 310, 313, 314, 316, 317, 318, 319, 320, 321], "excluded_lines": [], "executed_branches": [], "missing_branches": [[227, 228], [227, 231], [235, 236], [235, 245], [236, 238], [236, 241], [246, 247], [246, 254], [248, 249], [248, 254], [249, 248], [249, 250], [255, 256], [255, 260], [256, 255], [256, 257], [260, 261], [260, 265], [265, 267], [265, 313], [301, 302], [301, 305]]}, "validate_config": {"executed_lines": [], "summary": {"covered_lines": 0, "num_statements": 38, "percent_covered": 0.0, "percent_covered_display": "0.00", "missing_lines": 38, "excluded_lines": 0, "num_branches": 26, "num_partial_branches": 0, "covered_branches": 0, "missing_branches": 26}, "missing_lines": [331, 332, 335, 348, 349, 350, 353, 354, 355, 356, 359, 360, 363, 364, 365, 366, 368, 372, 373, 376, 377, 378, 379, 380, 381, 382, 387, 388, 389, 390, 391, 393, 394, 395, 396, 398, 399, 400], "excluded_lines": [], "executed_branches": [], "missing_branches": [[348, 349], [348, 353], [353, 354], [353, 355], [355, 356], [355, 359], [359, 360], [359, 363], [364, 365], [364, 387], [365, 366], [365, 387], [366, 365], [366, 368], [372, 373], [372, 376], [376, 365], [376, 377], [378, 365], [378, 379], [381, 365], [381, 382], [387, 388], [387, 393], [389, 390], [389, 391]]}, "": {"executed_lines": [], "summary": {"covered_lines": 0, "num_statements": 46, "percent_covered": 0.0, "percent_covered_display": "0.00", "missing_lines": 46, "excluded_lines": 2, "num_branches": 0, "num_partial_branches": 0, "covered_branches": 0, "missing_branches": 0}, "missing_lines": [4, 5, 6, 7, 9, 11, 12, 13, 14, 15, 18, 19, 24, 25, 26, 27, 28, 31, 32, 33, 83, 84, 85, 86, 87, 123, 124, 125, 126, 155, 156, 157, 158, 159, 217, 218, 219, 220, 221, 222, 324, 325, 326, 327, 328, 329], "excluded_lines": [403, 404], "executed_branches": [], "missing_branches": []}}, "classes": {"": {"executed_lines": [], "summary": {"covered_lines": 0, "num_statements": 230, "percent_covered": 0.0, "percent_covered_display": "0.00", "missing_lines": 230, "excluded_lines": 2, "num_branches": 84, "num_partial_branches": 0, "covered_branches": 0, "missing_branches": 84}, "missing_lines": [4, 5, 6, 7, 9, 11, 12, 13, 14, 15, 18, 19, 21, 24, 25, 26, 27, 28, 31, 32, 33, 35, 36, 38, 39, 40, 42, 45, 46, 47, 48, 49, 51, 55, 58, 59, 60, 67, 68, 69, 73, 74, 76, 78, 79, 80, 83, 84, 85, 86, 87, 89, 90, 92, 93, 94, 96, 98, 101, 102, 104, 107, 111, 114, 115, 116, 118, 119, 120, 123, 124, 125, 126, 128, 129, 131, 132, 133, 135, 137, 139, 141, 142, 145, 146, 148, 149, 150, 151, 152, 155, 156, 157, 158, 159, 161, 162, 163, 165, 166, 167, 170, 171, 172, 173, 178, 180, 181, 182, 184, 187, 188, 190, 191, 192, 193, 194, 195, 196, 197, 198, 201, 202, 204, 205, 206, 207, 208, 210, 212, 213, 214, 217, 218, 219, 220, 221, 222, 224, 225, 227, 228, 229, 231, 234, 235, 236, 238, 241, 242, 245, 246, 247, 248, 249, 250, 251, 254, 255, 256, 257, 258, 260, 261, 262, 265, 267, 287, 288, 290, 292, 301, 302, 303, 305, 306, 307, 310, 313, 314, 316, 317, 318, 319, 320, 321, 324, 325, 326, 327, 328, 329, 331, 332, 335, 348, 349, 350, 353, 354, 355, 356, 359, 360, 363, 364, 365, 366, 368, 372, 373, 376, 377, 378, 379, 380, 381, 382, 387, 388, 389, 390, 391, 393, 394, 395, 396, 398, 399, 400], "excluded_lines": [403, 404], "executed_branches": [], "missing_branches": [[38, 39], [38, 42], [45, 46], [45, 58], [46, 47], [46, 48], [48, 49], [48, 51], [58, 59], [58, 67], [67, 68], [67, 73], [92, 93], [92, 96], [101, 102], [101, 104], [131, 132], [131, 135], [139, 141], [139, 145], [165, 166], [165, 170], [171, 172], [171, 180], [172, 171], [172, 173], [173, 171], [173, 178], [180, 181], [180, 184], [190, 191], [190, 201], [204, 205], [204, 210], [206, 207], [206, 208], [227, 228], [227, 231], [235, 236], [235, 245], [236, 238], [236, 241], [246, 247], [246, 254], [248, 249], [248, 254], [249, 248], [249, 250], [255, 256], [255, 260], [256, 255], [256, 257], [260, 261], [260, 265], [265, 267], [265, 313], [301, 302], [301, 305], [348, 349], [348, 353], [353, 354], [353, 355], [355, 356], [355, 359], [359, 360], [359, 363], [364, 365], [364, 387], [365, 366], [365, 387], [366, 365], [366, 368], [372, 373], [372, 376], [376, 365], [376, 377], [378, 365], [378, 379], [381, 365], [381, 382], [387, 388], [387, 393], [389, 390], [389, 391]]}}}, "src/cli/setup.py": {"executed_lines": [], "summary": {"covered_lines": 0, "num_statements": 320, "percent_covered": 0.0, "percent_covered_display": "0.00", "missing_lines": 320, "excluded_lines": 2, "num_branches": 74, "num_partial_branches": 0, "covered_branches": 0, "missing_branches": 74}, "missing_lines": [3, 4, 5, 6, 7, 8, 9, 10, 12, 13, 15, 18, 21, 23, 24, 25, 27, 33, 34, 35, 38, 39, 42, 43, 46, 54, 55, 56, 58, 59, 60, 61, 62, 63, 64, 65, 66, 67, 69, 70, 71, 73, 75, 81, 83, 85, 86, 87, 88, 89, 90, 92, 94, 95, 96, 97, 98, 99, 101, 103, 105, 107, 108, 109, 111, 112, 113, 115, 119, 122, 123, 124, 125, 127, 128, 130, 132, 134, 135, 136, 137, 140, 143, 144, 146, 147, 149, 154, 155, 158, 159, 161, 162, 164, 166, 167, 170, 171, 172, 173, 175, 176, 178, 180, 181, 182, 183, 184, 187, 196, 197, 198, 200, 203, 204, 205, 206, 208, 209, 211, 213, 214, 216, 218, 219, 221, 222, 223, 225, 227, 230, 231, 234, 237, 240, 250, 251, 253, 255, 256, 258, 259, 261, 262, 264, 266, 267, 268, 270, 271, 273, 275, 277, 278, 280, 281, 282, 283, 284, 285, 286, 289, 290, 292, 293, 302, 303, 304, 306, 307, 308, 309, 310, 311, 313, 314, 316, 318, 320, 328, 330, 331, 332, 334, 336, 338, 344, 345, 346, 347, 348, 350, 351, 353, 355, 357, 358, 359, 360, 361, 362, 363, 365, 367, 368, 370, 372, 373, 374, 376, 377, 378, 380, 382, 383, 384, 385, 387, 388, 389, 391, 392, 393, 394, 396, 397, 398, 399, 400, 401, 402, 403, 404, 406, 408, 410, 411, 412, 413, 414, 416, 417, 418, 419, 420, 421, 422, 423, 424, 426, 428, 430, 432, 442, 443, 444, 446, 447, 448, 452, 453, 455, 456, 458, 460, 461, 462, 464, 465, 467, 469, 471, 472, 473, 474, 475, 476, 477, 478, 479, 480, 481, 482, 483, 484, 486, 488, 489, 490, 491, 492, 493, 495, 497, 499, 500, 501, 502, 504, 506, 510, 511, 513, 514, 516, 517, 519, 520, 522, 524, 526, 527, 529, 532, 533, 534, 537, 539, 540, 541], "excluded_lines": [544, 545], "executed_branches": [], "missing_branches": [[38, 39], [38, 46], [39, 42], [39, 46], [54, 55], [54, 69], [59, 54], [59, 60], [94, 95], [94, 96], [96, 97], [96, 98], [98, 99], [98, 101], [107, 108], [107, 111], [112, 113], [112, 115], [122, 123], [122, 127], [146, 147], [146, 149], [161, 162], [161, 164], [170, 171], [170, 175], [218, 219], [218, 221], [280, 281], [280, 289], [284, 285], [284, 286], [292, 293], [292, 313], [345, 346], [345, 353], [347, 348], [347, 350], [384, 385], [384, 387], [411, 412], [411, 416], [417, 418], [417, 426], [420, 421], [420, 426], [421, 420], [421, 422], [423, 420], [423, 424], [443, 444], [443, 446], [452, 453], [452, 455], [455, 456], [455, 458], [460, 447], [460, 461], [464, 465], [464, 467], [490, 491], [490, 492], [492, 493], [492, 495], [501, 502], [501, 504], [510, 511], [510, 513], [516, 517], [516, 519], [519, 520], [519, 522], [526, 527], [526, 529]], "functions": {"SetupWizard.__init__": {"executed_lines": [], "summary": {"covered_lines": 0, "num_statements": 3, "percent_covered": 0.0, "percent_covered_display": "0.00", "missing_lines": 3, "excluded_lines": 0, "num_branches": 0, "num_partial_branches": 0, "covered_branches": 0, "missing_branches": 0}, "missing_lines": [23, 24, 25], "excluded_lines": [], "executed_branches": [], "missing_branches": []}, "SetupWizard.run": {"executed_lines": [], "summary": {"covered_lines": 0, "num_statements": 24, "percent_covered": 0.0, "percent_covered_display": "0.00", "missing_lines": 24, "excluded_lines": 0, "num_branches": 8, "num_partial_branches": 0, "covered_branches": 0, "missing_branches": 8}, "missing_lines": [33, 34, 35, 38, 39, 42, 43, 46, 54, 55, 56, 58, 59, 60, 61, 62, 63, 64, 65, 66, 67, 69, 70, 71], "excluded_lines": [], "executed_branches": [], "missing_branches": [[38, 39], [38, 46], [39, 42], [39, 46], [54, 55], [54, 69], [59, 54], [59, 60]]}, "SetupWizard._check_existing_config": {"executed_lines": [], "summary": {"covered_lines": 0, "num_statements": 2, "percent_covered": 0.0, "percent_covered_display": "0.00", "missing_lines": 2, "excluded_lines": 0, "num_branches": 0, "num_partial_branches": 0, "covered_branches": 0, "missing_branches": 0}, "missing_lines": [75, 81], "excluded_lines": [], "executed_branches": [], "missing_branches": []}, "SetupWizard._setup_aws_credentials": {"executed_lines": [], "summary": {"covered_lines": 0, "num_statements": 14, "percent_covered": 0.0, "percent_covered_display": "0.00", "missing_lines": 14, "excluded_lines": 0, "num_branches": 6, "num_partial_branches": 0, "covered_branches": 0, "missing_branches": 6}, "missing_lines": [85, 86, 87, 88, 89, 90, 92, 94, 95, 96, 97, 98, 99, 101], "excluded_lines": [], "executed_branches": [], "missing_branches": [[94, 95], [94, 96], [96, 97], [96, 98], [98, 99], [98, 101]]}, "SetupWizard._use_existing_profile": {"executed_lines": [], "summary": {"covered_lines": 0, "num_statements": 15, "percent_covered": 0.0, "percent_covered_display": "0.00", "missing_lines": 15, "excluded_lines": 0, "num_branches": 6, "num_partial_branches": 0, "covered_branches": 0, "missing_branches": 6}, "missing_lines": [105, 107, 108, 109, 111, 112, 113, 115, 119, 122, 123, 124, 125, 127, 128], "excluded_lines": [], "executed_branches": [], "missing_branches": [[107, 108], [107, 111], [112, 113], [112, 115], [122, 123], [122, 127]]}, "SetupWizard._create_new_profile": {"executed_lines": [], "summary": {"covered_lines": 0, "num_statements": 26, "percent_covered": 0.0, "percent_covered_display": "0.00", "missing_lines": 26, "excluded_lines": 0, "num_branches": 6, "num_partial_branches": 0, "covered_branches": 0, "missing_branches": 6}, "missing_lines": [132, 134, 135, 136, 137, 140, 143, 144, 146, 147, 149, 154, 155, 158, 159, 161, 162, 164, 166, 167, 170, 171, 172, 173, 175, 176], "excluded_lines": [], "executed_branches": [], "missing_branches": [[146, 147], [146, 149], [161, 162], [161, 164], [170, 171], [170, 175]]}, "SetupWizard._setup_env_credentials": {"executed_lines": [], "summary": {"covered_lines": 0, "num_statements": 16, "percent_covered": 0.0, "percent_covered_display": "0.00", "missing_lines": 16, "excluded_lines": 0, "num_branches": 0, "num_partial_branches": 0, "covered_branches": 0, "missing_branches": 0}, "missing_lines": [180, 181, 182, 183, 184, 187, 196, 197, 198, 200, 203, 204, 205, 206, 208, 209], "excluded_lines": [], "executed_branches": [], "missing_branches": []}, "SetupWizard._setup_iam_role": {"executed_lines": [], "summary": {"covered_lines": 0, "num_statements": 8, "percent_covered": 0.0, "percent_covered_display": "0.00", "missing_lines": 8, "excluded_lines": 0, "num_branches": 2, "num_partial_branches": 0, "covered_branches": 0, "missing_branches": 2}, "missing_lines": [213, 214, 216, 218, 219, 221, 222, 223], "excluded_lines": [], "executed_branches": [], "missing_branches": [[218, 219], [218, 221]]}, "SetupWizard._setup_project_config": {"executed_lines": [], "summary": {"covered_lines": 0, "num_statements": 21, "percent_covered": 0.0, "percent_covered_display": "0.00", "missing_lines": 21, "excluded_lines": 0, "num_branches": 0, "num_partial_branches": 0, "covered_branches": 0, "missing_branches": 0}, "missing_lines": [227, 230, 231, 234, 237, 240, 250, 251, 253, 255, 256, 258, 259, 261, 262, 264, 266, 267, 268, 270, 271], "excluded_lines": [], "executed_branches": [], "missing_branches": []}, "SetupWizard._setup_environments": {"executed_lines": [], "summary": {"covered_lines": 0, "num_statements": 25, "percent_covered": 0.0, "percent_covered_display": "0.00", "missing_lines": 25, "excluded_lines": 0, "num_branches": 6, "num_partial_branches": 0, "covered_branches": 0, "missing_branches": 6}, "missing_lines": [275, 277, 278, 280, 281, 282, 283, 284, 285, 286, 289, 290, 292, 293, 302, 303, 304, 306, 307, 308, 309, 310, 311, 313, 314], "excluded_lines": [], "executed_branches": [], "missing_branches": [[280, 281], [280, 289], [284, 285], [284, 286], [292, 293], [292, 313]]}, "SetupWizard._setup_features": {"executed_lines": [], "summary": {"covered_lines": 0, "num_statements": 6, "percent_covered": 0.0, "percent_covered_display": "0.00", "missing_lines": 6, "excluded_lines": 0, "num_branches": 0, "num_partial_branches": 0, "covered_branches": 0, "missing_branches": 0}, "missing_lines": [318, 320, 328, 330, 331, 332], "excluded_lines": [], "executed_branches": [], "missing_branches": []}, "SetupWizard._validate_setup": {"executed_lines": [], "summary": {"covered_lines": 0, "num_statements": 10, "percent_covered": 0.0, "percent_covered_display": "0.00", "missing_lines": 10, "excluded_lines": 0, "num_branches": 4, "num_partial_branches": 0, "covered_branches": 0, "missing_branches": 4}, "missing_lines": [336, 338, 344, 345, 346, 347, 348, 350, 351, 353], "excluded_lines": [], "executed_branches": [], "missing_branches": [[345, 346], [345, 353], [347, 348], [347, 350]]}, "SetupWizard._validate_aws_credentials": {"executed_lines": [], "summary": {"covered_lines": 0, "num_statements": 7, "percent_covered": 0.0, "percent_covered_display": "0.00", "missing_lines": 7, "excluded_lines": 0, "num_branches": 0, "num_partial_branches": 0, "covered_branches": 0, "missing_branches": 0}, "missing_lines": [357, 358, 359, 360, 361, 362, 363], "excluded_lines": [], "executed_branches": [], "missing_branches": []}, "SetupWizard._validate_project_structure": {"executed_lines": [], "summary": {"covered_lines": 0, "num_statements": 2, "percent_covered": 0.0, "percent_covered_display": "0.00", "missing_lines": 2, "excluded_lines": 0, "num_branches": 0, "num_partial_branches": 0, "covered_branches": 0, "missing_branches": 0}, "missing_lines": [367, 368], "excluded_lines": [], "executed_branches": [], "missing_branches": []}, "SetupWizard._validate_dependencies": {"executed_lines": [], "summary": {"covered_lines": 0, "num_statements": 6, "percent_covered": 0.0, "percent_covered_display": "0.00", "missing_lines": 6, "excluded_lines": 0, "num_branches": 0, "num_partial_branches": 0, "covered_branches": 0, "missing_branches": 0}, "missing_lines": [372, 373, 374, 376, 377, 378], "excluded_lines": [], "executed_branches": [], "missing_branches": []}, "SetupWizard._test_aws_credentials": {"executed_lines": [], "summary": {"covered_lines": 0, "num_statements": 20, "percent_covered": 0.0, "percent_covered_display": "0.00", "missing_lines": 20, "excluded_lines": 0, "num_branches": 2, "num_partial_branches": 0, "covered_branches": 0, "missing_branches": 2}, "missing_lines": [382, 383, 384, 385, 387, 388, 389, 391, 392, 393, 394, 396, 397, 398, 399, 400, 401, 402, 403, 404], "excluded_lines": [], "executed_branches": [], "missing_branches": [[384, 385], [384, 387]]}, "SetupWizard._list_aws_profiles": {"executed_lines": [], "summary": {"covered_lines": 0, "num_statements": 16, "percent_covered": 0.0, "percent_covered_display": "0.00", "missing_lines": 16, "excluded_lines": 0, "num_branches": 10, "num_partial_branches": 0, "covered_branches": 0, "missing_branches": 10}, "missing_lines": [408, 410, 411, 412, 413, 414, 416, 417, 418, 419, 420, 421, 422, 423, 424, 426], "excluded_lines": [], "executed_branches": [], "missing_branches": [[411, 412], [411, 416], [417, 418], [417, 426], [420, 421], [420, 426], [421, 420], [421, 422], [423, 420], [423, 424]]}, "SetupWizard._get_regions": {"executed_lines": [], "summary": {"covered_lines": 0, "num_statements": 19, "percent_covered": 0.0, "percent_covered_display": "0.00", "missing_lines": 19, "excluded_lines": 0, "num_branches": 10, "num_partial_branches": 0, "covered_branches": 0, "missing_branches": 10}, "missing_lines": [430, 432, 442, 443, 444, 446, 447, 448, 452, 453, 455, 456, 458, 460, 461, 462, 464, 465, 467], "excluded_lines": [], "executed_branches": [], "missing_branches": [[443, 444], [443, 446], [452, 453], [452, 455], [455, 456], [455, 458], [460, 447], [460, 461], [464, 465], [464, 467]]}, "SetupWizard._show_next_steps": {"executed_lines": [], "summary": {"covered_lines": 0, "num_statements": 14, "percent_covered": 0.0, "percent_covered_display": "0.00", "missing_lines": 14, "excluded_lines": 0, "num_branches": 0, "num_partial_branches": 0, "covered_branches": 0, "missing_branches": 0}, "missing_lines": [471, 472, 473, 474, 475, 476, 477, 478, 479, 480, 481, 482, 483, 484], "excluded_lines": [], "executed_branches": [], "missing_branches": []}, "SetupWizard._confirm": {"executed_lines": [], "summary": {"covered_lines": 0, "num_statements": 7, "percent_covered": 0.0, "percent_covered_display": "0.00", "missing_lines": 7, "excluded_lines": 0, "num_branches": 4, "num_partial_branches": 0, "covered_branches": 0, "missing_branches": 4}, "missing_lines": [488, 489, 490, 491, 492, 493, 495], "excluded_lines": [], "executed_branches": [], "missing_branches": [[490, 491], [490, 492], [492, 493], [492, 495]]}, "SetupWizard._get_choice": {"executed_lines": [], "summary": {"covered_lines": 0, "num_statements": 5, "percent_covered": 0.0, "percent_covered_display": "0.00", "missing_lines": 5, "excluded_lines": 0, "num_branches": 2, "num_partial_branches": 0, "covered_branches": 0, "missing_branches": 2}, "missing_lines": [499, 500, 501, 502, 504], "excluded_lines": [], "executed_branches": [], "missing_branches": [[501, 502], [501, 504]]}, "SetupWizard._get_input": {"executed_lines": [], "summary": {"covered_lines": 0, "num_statements": 9, "percent_covered": 0.0, "percent_covered_display": "0.00", "missing_lines": 9, "excluded_lines": 0, "num_branches": 6, "num_partial_branches": 0, "covered_branches": 0, "missing_branches": 6}, "missing_lines": [510, 511, 513, 514, 516, 517, 519, 520, 522], "excluded_lines": [], "executed_branches": [], "missing_branches": [[510, 511], [510, 513], [516, 517], [516, 519], [519, 520], [519, 522]]}, "SetupWizard._save_config": {"executed_lines": [], "summary": {"covered_lines": 0, "num_statements": 6, "percent_covered": 0.0, "percent_covered_display": "0.00", "missing_lines": 6, "excluded_lines": 0, "num_branches": 2, "num_partial_branches": 0, "covered_branches": 0, "missing_branches": 2}, "missing_lines": [526, 527, 529, 532, 533, 534], "excluded_lines": [], "executed_branches": [], "missing_branches": [[526, 527], [526, 529]]}, "main": {"executed_lines": [], "summary": {"covered_lines": 0, "num_statements": 3, "percent_covered": 0.0, "percent_covered_display": "0.00", "missing_lines": 3, "excluded_lines": 0, "num_branches": 0, "num_partial_branches": 0, "covered_branches": 0, "missing_branches": 0}, "missing_lines": [539, 540, 541], "excluded_lines": [], "executed_branches": [], "missing_branches": []}, "": {"executed_lines": [], "summary": {"covered_lines": 0, "num_statements": 36, "percent_covered": 0.0, "percent_covered_display": "0.00"
[...]
ctureValidator.test_file_structure": {"executed_lines": [], "summary": {"covered_lines": 0, "num_statements": 13, "percent_covered": 0.0, "percent_covered_display": "0.00", "missing_lines": 13, "excluded_lines": 0, "num_branches": 8, "num_partial_branches": 0, "covered_branches": 0, "missing_branches": 8}, "missing_lines": [22, 40, 41, 42, 43, 44, 46, 47, 48, 49, 50, 52, 53], "excluded_lines": [], "executed_branches": [], "missing_branches": [[41, 42], [41, 46], [43, 41], [43, 44], [46, 47], [46, 52], [48, 49], [48, 50]]}, "InfrastructureValidator.test_directory_structure": {"executed_lines": [], "summary": {"covered_lines": 0, "num_statements": 13, "percent_covered": 0.0, "percent_covered_display": "0.00", "missing_lines": 13, "excluded_lines": 0, "num_branches": 8, "num_partial_branches": 0, "covered_branches": 0, "missing_branches": 8}, "missing_lines": [57, 75, 76, 77, 78, 79, 81, 82, 83, 84, 85, 87, 88], "excluded_lines": [], "executed_branches": [], "missing_branches": [[76, 77], [76, 81], [78, 76], [78, 79], [81, 82], [81, 87], [83, 84], [83, 85]]}, "InfrastructureValidator.test_construct_imports": {"executed_lines": [], "summary": {"covered_lines": 0, "num_statements": 20, "percent_covered": 0.0, "percent_covered_display": "0.00", "missing_lines": 20, "excluded_lines": 0, "num_branches": 4, "num_partial_branches": 0, "covered_branches": 0, "missing_branches": 4}, "missing_lines": [92, 94, 96, 99, 107, 108, 109, 110, 111, 112, 113, 114, 115, 116, 118, 119, 121, 123, 124, 125], "excluded_lines": [], "executed_branches": [], "missing_branches": [[107, 108], [107, 121], [115, 116], [115, 118]]}, "InfrastructureValidator.test_lambda_handlers": {"executed_lines": [], "summary": {"covered_lines": 0, "num_statements": 19, "percent_covered": 0.0, "percent_covered_display": "0.00", "missing_lines": 19, "excluded_lines": 0, "num_branches": 4, "num_partial_branches": 0, "covered_branches": 0, "missing_branches": 4}, "missing_lines": [129, 135, 136, 138, 140, 141, 142, 143, 144, 146, 147, 148, 149, 150, 151, 153, 155, 156, 157], "excluded_lines": [], "executed_branches": [], "missing_branches": [[140, 141], [140, 153], [143, 144], [143, 146]]}, "InfrastructureValidator.test_utils_integration": {"executed_lines": [], "summary": {"covered_lines": 0, "num_statements": 19, "percent_covered": 0.0, "percent_covered_display": "0.00", "missing_lines": 19, "excluded_lines": 0, "num_branches": 12, "num_partial_branches": 0, "covered_branches": 0, "missing_branches": 12}, "missing_lines": [161, 163, 164, 165, 167, 168, 169, 172, 179, 180, 181, 182, 184, 185, 186, 187, 188, 190, 191], "excluded_lines": [], "executed_branches": [], "missing_branches": [[163, 164], [163, 167], [167, 168], [167, 172], [180, 181], [180, 184], [181, 180], [181, 182], [184, 185], [184, 190], [186, 187], [186, 188]]}, "InfrastructureValidator.run_all_tests": {"executed_lines": [], "summary": {"covered_lines": 0, "num_statements": 17, "percent_covered": 0.0, "percent_covered_display": "0.00", "missing_lines": 17, "excluded_lines": 0, "num_branches": 4, "num_partial_branches": 0, "covered_branches": 0, "missing_branches": 4}, "missing_lines": [195, 196, 198, 206, 207, 208, 209, 210, 212, 213, 214, 215, 216, 217, 218, 220, 222], "excluded_lines": [], "executed_branches": [], "missing_branches": [[207, 208], [207, 212], [213, 214], [213, 220]]}, "main": {"executed_lines": [], "summary": {"covered_lines": 0, "num_statements": 15, "percent_covered": 0.0, "percent_covered_display": "0.00", "missing_lines": 15, "excluded_lines": 0, "num_branches": 6, "num_partial_branches": 0, "covered_branches": 0, "missing_branches": 6}, "missing_lines": [227, 229, 230, 232, 235, 237, 238, 239, 240, 241, 242, 244, 246, 247, 249], "excluded_lines": [], "executed_branches": [], "missing_branches": [[235, 237], [235, 246], [238, 239], [238, 244], [239, 240], [239, 242]]}, "": {"executed_lines": [], "summary": {"covered_lines": 0, "num_statements": 13, "percent_covered": 0.0, "percent_covered_display": "0.00", "missing_lines": 13, "excluded_lines": 3, "num_branches": 0, "num_partial_branches": 0, "covered_branches": 0, "missing_branches": 0}, "missing_lines": [8, 9, 10, 11, 14, 17, 20, 55, 90, 127, 159, 193, 225], "excluded_lines": [252, 253, 255], "executed_branches": [], "missing_branches": []}}, "classes": {"InfrastructureValidator": {"executed_lines": [], "summary": {"covered_lines": 0, "num_statements": 102, "percent_covered": 0.0, "percent_covered_display": "0.00", "missing_lines": 102, "excluded_lines": 0, "num_branches": 40, "num_partial_branches": 0, "covered_branches": 0, "missing_branches": 40}, "missing_lines": [18, 22, 40, 41, 42, 43, 44, 46, 47, 48, 49, 50, 52, 53, 57, 75, 76, 77, 78, 79, 81, 82, 83, 84, 85, 87, 88, 92, 94, 96, 99, 107, 108, 109, 110, 111, 112, 113, 114, 115, 116, 118, 119, 121, 123, 124, 125, 129, 135, 136, 138, 140, 141, 142, 143, 144, 146, 147, 148, 149, 150, 151, 153, 155, 156, 157, 161, 163, 164, 165, 167, 168, 169, 172, 179, 180, 181, 182, 184, 185, 186, 187, 188, 190, 191, 195, 196, 198, 206, 207, 208, 209, 210, 212, 213, 214, 215, 216, 217, 218, 220, 222], "excluded_lines": [], "executed_branches": [], "missing_branches": [[41, 42], [41, 46], [43, 41], [43, 44], [46, 47], [46, 52], [48, 49], [48, 50], [76, 77], [76, 81], [78, 76], [78, 79], [81, 82], [81, 87], [83, 84], [83, 85], [107, 108], [107, 121], [115, 116], [115, 118], [140, 141], [140, 153], [143, 144], [143, 146], [163, 164], [163, 167], [167, 168], [167, 172], [180, 181], [180, 184], [181, 180], [181, 182], [184, 185], [184, 190], [186, 187], [186, 188], [207, 208], [207, 212], [213, 214], [213, 220]]}, "": {"executed_lines": [], "summary": {"covered_lines": 0, "num_statements": 28, "percent_covered": 0.0, "percent_covered_display": "0.00", "missing_lines": 28, "excluded_lines": 3, "num_branches": 6, "num_partial_branches": 0, "covered_branches": 0, "missing_branches": 6}, "missing_lines": [8, 9, 10, 11, 14, 17, 20, 55, 90, 127, 159, 193, 225, 227, 229, 230, 232, 235, 237, 238, 239, 240, 241, 242, 244, 246, 247, 249], "excluded_lines": [252, 253, 255], "executed_branches": [], "missing_branches": [[235, 237], [235, 246], [238, 239], [238, 244], [239, 240], [239, 242]]}}}, "src/testing/smoke_tests.py": {"executed_lines": [], "summary": {"covered_lines": 0, "num_statements": 211, "percent_covered": 0.0, "percent_covered_display": "0.00", "missing_lines": 211, "excluded_lines": 0, "num_branches": 96, "num_partial_branches": 0, "covered_branches": 0, "missing_branches": 96}, "missing_lines": [7, 8, 9, 10, 11, 13, 15, 16, 19, 22, 23, 24, 25, 28, 29, 32, 33, 34, 35, 36, 39, 42, 62, 63, 64, 65, 66, 69, 70, 71, 72, 74, 77, 79, 80, 83, 84, 85, 86, 88, 89, 91, 98, 99, 100, 101, 102, 103, 106, 109, 110, 118, 119, 128, 129, 134, 135, 140, 141, 148, 149, 152, 153, 154, 155, 157, 158, 159, 160, 161, 163, 164, 165, 167, 169, 171, 172, 174, 175, 176, 178, 180, 181, 182, 184, 187, 188, 190, 194, 195, 196, 203, 206, 213, 217, 219, 221, 222, 224, 226, 227, 230, 231, 232, 233, 234, 235, 238, 240, 245, 247, 248, 251, 258, 259, 260, 261, 264, 265, 266, 267, 269, 271, 273, 274, 276, 278, 279, 280, 281, 283, 288, 292, 293, 295, 297, 299, 300, 303, 309, 311, 312, 313, 314, 317, 318, 319, 320, 322, 324, 326, 327, 329, 334, 336, 337, 338, 340, 341, 343, 345, 347, 348, 349, 351, 353, 360, 361, 362, 363, 364, 365, 366, 367, 368, 369, 371, 372, 373, 374, 379, 383, 385, 386, 389, 390, 393, 394, 395, 396, 398, 400, 402, 403, 406, 407, 410, 415, 416, 417, 419, 421, 423, 424, 427, 428, 429, 430, 434, 435, 437], "excluded_lines": [], "executed_branches": [], "missing_branches": [[69, 70], [69, 79], [83, 84], [83, 85], [85, 86], [85, 88], [99, 100], [99, 101], [101, 102], [101, 103], [109, 110], [109, 118], [118, 119], [118, 128], [128, 129], [128, 134], [134, 135], [134, 140], [140, 141], [140, 148], [148, 149], [148, 152], [157, 158], [157, 163], [159, 160], [159, 167], [160, 159], [160, 161], [164, 165], [164, 167], [178, 180], [178, 182], [182, 184], [182, 187], [221, 222], [221, 224], [226, 227], [226, 230], [231, 232], [231, 233], [233, 234], [233, 235], [235, 238], [235, 240], [247, 248], [247, 251], [258, 259], [258, 269], [264, 258], [264, 265], [273, 274], [273, 276], [278, 279], [278, 295], [283, 278], [283, 288], [299, 300], [299, 303], [311, 312], [311, 322], [317, 311], [317, 318], [326, 327], [326, 329], [337, 338], [337, 340], [340, 341], [340, 343], [348, 349], [348, 351], [361, 362], [361, 371], [363, 364], [363, 365], [365, 366], [365, 368], [366, 361], [366, 367], [368, 361], [368, 369], [371, 372], [371, 373], [373, 374], [373, 379], [385, 386], [385, 389], [393, 394], [393, 398], [402, 403], [402, 406], [410, 415], [410, 419], [423, 424], [423, 427], [429, 430], [429, 437]], "functions": {"SmokeTestRunner.__init__": {"executed_lines": [], "summary": {"covered_lines": 0, "num_statements": 19, "percent_covered": 0.0, "percent_covered_display": "0.00", "missing_lines": 19, "excluded_lines": 0, "num_branches": 6, "num_partial_branches": 0, "covered_branches": 0, "missing_branches": 6}, "missing_lines": [62, 63, 64, 65, 66, 69, 70, 71, 72, 74, 77, 79, 80, 83, 84, 85, 86, 88, 89], "excluded_lines": [], "executed_branches": [], "missing_branches": [[69, 70], [69, 79], [83, 84], [83, 85], [85, 86], [85, 88]]}, "SmokeTestRunner.run_all_tests": {"executed_lines": [], "summary": {"covered_lines": 0, "num_statements": 32, "percent_covered": 0.0, "percent_covered_display": "0.00", "missing_lines": 32, "excluded_lines": 0, "num_branches": 24, "num_partial_branches": 0, "covered_branches": 0, "missing_branches": 24}, "missing_lines": [98, 99, 100, 101, 102, 103, 106, 109, 110, 118, 119, 128, 129, 134, 135, 140, 141, 148, 149, 152, 153, 154, 155, 157, 158, 159, 160, 161, 163, 164, 165, 167], "excluded_lines": [], "executed_branches": [], "missing_branches": [[99, 100], [99, 101], [101, 102], [101, 103], [109, 110], [109, 118], [118, 119], [118, 128], [128, 129], [128, 134], [134, 135], [134, 140], [140, 141], [140, 148], [148, 149], [148, 152], [157, 158], [157, 163], [159, 160], [159, 167], [160, 159], [160, 161], [164, 165], [164, 167]]}, "SmokeTestRunner._run_test": {"executed_lines": [], "summary": {"covered_lines": 0, "num_statements": 20, "percent_covered": 0.0, "percent_covered_display": "0.00", "missing_lines": 20, "excluded_lines": 0, "num_branches": 4, "num_partial_branches": 0, "covered_branches": 0, "missing_branches": 4}, "missing_lines": [171, 172, 174, 175, 176, 178, 180, 181, 182, 184, 187, 188, 190, 194, 195, 196, 203, 206, 213, 217], "excluded_lines": [], "executed_branches": [], "missing_branches": [[178, 180], [178, 182], [182, 184], [182, 187]]}, "SmokeTestRunner.test_homepage": {"executed_lines": [], "summary": {"covered_lines": 0, "num_statements": 13, "percent_covered": 0.0, "percent_covered_display": "0.00", "missing_lines": 13, "excluded_lines": 0, "num_branches": 10, "num_partial_branches": 0, "covered_branches": 0, "missing_branches": 10}, "missing_lines": [221, 222, 224, 226, 227, 230, 231, 232, 233, 234, 235, 238, 240], "excluded_lines": [], "executed_branches": [], "missing_branches": [[221, 222], [221, 224], [226, 227], [226, 230], [231, 232], [231, 233], [233, 234], [233, 235], [235, 238], [235, 240]]}, "SmokeTestRunner.test_static_assets": {"executed_lines": [], "summary": {"covered_lines": 0, "num_statements": 12, "percent_covered": 0.0, "percent_covered_display": "0.00", "missing_lines": 12, "excluded_lines": 0, "num_branches": 6, "num_partial_branches": 0, "covered_branches": 0, "missing_branches": 6}, "missing_lines": [247, 248, 251, 258, 259, 260, 261, 264, 265, 266, 267, 269], "excluded_lines": [], "executed_branches": [], "missing_branches": [[247, 248], [247, 251], [258, 259], [258, 269], [264, 258], [264, 265]]}, "SmokeTestRunner.test_api_health": {"executed_lines": [], "summary": {"covered_lines": 0, "num_statements": 12, "percent_covered": 0.0, "percent_covered_display": "0.00", "missing_lines": 12, "excluded_lines": 0, "num_branches": 6, "num_partial_branches": 0, "covered_branches": 0, "missing_branches": 6}, "missing_lines": [273, 274, 276, 278, 279, 280, 281, 283, 288, 292, 293, 295], "excluded_lines": [], "executed_branches": [], "missing_branches": [[273, 274], [273, 276], [278, 279], [278, 295], [283, 278], [283, 288]]}, "SmokeTestRunner.test_api_endpoints": {"executed_lines": [], "summary": {"covered_lines": 0, "num_statements": 13, "percent_covered": 0.0, "percent_covered_display": "0.00", "missing_lines": 13, "excluded_lines": 0, "num_branches": 6, "num_partial_branches": 0, "covered_branches": 0, "missing_branches": 6}, "missing_lines": [299, 300, 303, 309, 311, 312, 313, 314, 317, 318, 319, 320, 322], "excluded_lines": [], "executed_branches": [], "missing_branches": [[299, 300], [299, 303], [311, 312], [311, 322], [317, 311], [317, 318]]}, "SmokeTestRunner.test_cors_headers": {"executed_lines": [], "summary": {"covered_lines": 0, "num_statements": 10, "percent_covered": 0.0, "percent_covered_display": "0.00", "missing_lines": 10, "excluded_lines": 0, "num_branches": 6, "num_partial_branches": 0, "covered_branches": 0, "missing_branches": 6}, "missing_lines": [326, 327, 329, 334, 336, 337, 338, 340, 341, 343], "excluded_lines": [], "executed_branches": [], "missing_branches": [[326, 327], [326, 329], [337, 338], [337, 340], [340, 341], [340, 343]]}, "SmokeTestRunner.test_security_headers": {"executed_lines": [], "summary": {"covered_lines": 0, "num_statements": 20, "percent_covered": 0.0, "percent_covered_display": "0.00", "missing_lines": 20, "excluded_lines": 0, "num_branches": 16, "num_partial_branches": 0, "covered_branches": 0, "missing_branches": 16}, "missing_lines": [347, 348, 349, 351, 353, 360, 361, 362, 363, 364, 365, 366, 367, 368, 369, 371, 372, 373, 374, 379], "excluded_lines": [], "executed_branches": [], "missing_branches": [[348, 349], [348, 351], [361, 362], [361, 371], [363, 364], [363, 365], [365, 366], [365, 368], [366, 361], [366, 367], [368, 361], [368, 369], [371, 372], [371, 373], [373, 374], [373, 379]]}, "SmokeTestRunner.test_media_register_specific": {"executed_lines": [], "summary": {"covered_lines": 0, "num_statements": 9, "percent_covered": 0.0, "percent_covered_display": "0.00", "missing_lines": 9, "excluded_lines": 0, "num_branches": 4, "num_partial_branches": 0, "covered_branches": 0, "missing_branches": 4}, "missing_lines": [385, 386, 389, 390, 393, 394, 395, 396, 398], "excluded_lines": [], "executed_branches": [], "missing_branches": [[385, 386], [385, 389], [393, 394], [393, 398]]}, "SmokeTestRunner.test_fraud_submission_endpoint": {"executed_lines": [], "summary": {"covered_lines": 0, "num_statements": 9, "percent_covered": 0.0, "percent_covered_display": "0.00", "missing_lines": 9, "excluded_lines": 0, "num_branches": 4, "num_partial_branches": 0, "covered_branches": 0, "missing_branches": 4}, "missing_lines": [402, 403, 406, 407, 410, 415, 416, 417, 419], "excluded_lines": [], "executed_branches": [], "missing_branches": [[402, 403], [402, 406], [410, 415], [410, 419]]}, "SmokeTestRunner.test_cards_api": {"executed_lines": [], "summary": {"covered_lines": 0, "num_statements": 9, "percent_covered": 0.0, "percent_covered_display": "0.00", "missing_lines": 9, "excluded_lines": 0, "num_branches": 4, "num_partial_branches": 0, "covered_branches": 0, "missing_branches": 4}, "missing_lines": [423, 424, 427, 428, 429, 430, 434, 435, 437], "excluded_lines": [], "executed_branches": [], "missing_branches": [[423, 424], [423, 427], [429, 430], [429, 437]]}, "": {"executed_lines": [], "summary": {"covered_lines": 0, "num_statements": 33, "percent_covered": 0.0, "percent_covered_display": "0.00", "missing_lines": 33, "excluded_lines": 0, "num_branches": 0, "num_partial_branches": 0, "covered_branches": 0, "missing_branches": 0}, "missing_lines": [7, 8, 9, 10, 11, 13, 15, 16, 19, 22, 23, 24, 25, 28, 29, 32, 33, 34, 35, 36, 39, 42, 91, 169, 219, 245, 271, 297, 324, 345, 383, 400, 421], "excluded_lines": [], "executed_branches": [], "missing_branches": []}}, "classes": {"TestStatus": {"executed_lines": [], "summary": {"covered_lines": 0, "num_statements": 0, "percent_covered": 100.0, "percent_covered_display": "100.00", "missing_lines": 0, "excluded_lines": 0, "num_branches": 0, "num_partial_branches": 0, "covered_branches": 0, "missing_branches": 0}, "missing_lines": [], "excluded_lines": [], "executed_branches": [], "missing_branches": []}, "TestResult": {"executed_lines": [], "summary": {"covered_lines": 0, "num_statements": 0, "percent_covered": 100.0, "percent_covered_display": "100.00", "missing_lines": 0, "excluded_lines": 0, "num_branches": 0, "num_partial_branches": 0, "covered_branches": 0, "missing_branches": 0}, "missing_lines": [], "excluded_lines": [], "executed_branches": [], "missing_branches": []}, "SmokeTestRunner": {"executed_lines": [], "summary": {"covered_lines": 0, "num_statements": 178, "percent_covered": 0.0, "percent_covered_display": "0.00", "missing_lines": 178, "excluded_lines": 0, "num_branches": 96, "num_partial_branches": 0, "covered_branches": 0, "missing_branches": 96}, "missing_lines": [62, 63, 64, 65, 66, 69, 70, 71, 72, 74, 77, 79, 80, 83, 84, 85, 86, 88, 89, 98, 99, 100, 101, 102, 103, 106, 109, 110, 118, 119, 128, 129, 134, 135, 140, 141, 148, 149, 152, 153, 154, 155, 157, 158, 159, 160, 161, 163, 164, 165, 167, 171, 172, 174, 175, 176, 178, 180, 181, 182, 184, 187, 188, 190, 194, 195, 196, 203, 206, 213, 217, 221, 222, 224, 226, 227, 230, 231, 232, 233, 234, 235, 238, 240, 247, 248, 251, 258, 259, 260, 261, 264, 265, 266, 267, 269, 273, 274, 276, 278, 279, 280, 281, 283, 288, 292, 293, 295, 299, 300, 303, 309, 311, 312, 313, 314, 317, 318, 319, 320, 322, 326, 327, 329, 334, 336, 337, 338, 340, 341, 343, 347, 348, 349, 351, 353, 360, 361, 362, 363, 364, 365, 366, 367, 368, 369, 371, 372, 373, 374, 379, 385, 386, 389, 390, 393, 394, 395, 396, 398, 402, 403, 406, 407, 410, 415, 416, 417, 419, 423, 424, 427, 428, 429, 430, 434, 435, 437], "excluded_lines": [], "executed_branches": [], "missing_branches": [[69, 70], [69, 79], [83, 84], [83, 85], [85, 86], [85, 88], [99, 100], [99, 101], [101, 102], [101, 103], [109, 110], [109, 118], [118, 119], [118, 128], [128, 129], [128, 134], [134, 135], [134, 140], [140, 141], [140, 148], [148, 149], [148, 152], [157, 158], [157, 163], [159, 160], [159, 167], [160, 159], [160, 161], [164, 165], [164, 167], [178, 180], [178, 182], [182, 184], [182, 187], [221, 222], [221, 224], [226, 227], [226, 230], [231, 232], [231, 233], [233, 234], [233, 235], [235, 238], [235, 240], [247, 248], [247, 251], [258, 259], [258, 269], [264, 258], [264, 265], [273, 274], [273, 276], [278, 279], [278, 295], [283, 278], [283, 288], [299, 300], [299, 303], [311, 312], [311, 322], [317, 311], [317, 318], [326, 327], [326, 329], [337, 338], [337, 340], [340, 341], [340, 343], [348, 349], [348, 351], [361, 362], [361, 371], [363, 364], [363, 365], [365, 366], [365, 368], [366, 361], [366, 367], [368, 361], [368, 369], [371, 372], [371, 373], [373, 374], [373, 379], [385, 386], [385, 389], [393, 394], [393, 398], [402, 403], [402, 406], [410, 415], [410, 419], [423, 424], [423, 427], [429, 430], [429, 437]]}, "": {"executed_lines": [], "summary": {"covered_lines": 0, "num_statements": 33, "percent_covered": 0.0, "percent_covered_display": "0.00", "missing_lines": 33, "excluded_lines": 0, "num_branches": 0, "num_partial_branches": 0, "covered_branches": 0, "missing_branches": 0}, "missing_lines": [7, 8, 9, 10, 11, 13, 15, 16, 19, 22, 23, 24, 25, 28, 29, 32, 33, 34, 35, 36, 39, 42, 91, 169, 219, 245, 271, 297, 324, 345, 383, 400, 421], "excluded_lines": [], "executed_branches": [], "missing_branches": []}}}}, "totals": {"covered_lines": 1051, "num_statements": 8806, "percent_covered": 10.23259850720361, "percent_covered_display": "10.23", "missing_lines": 7755, "excluded_lines": 73, "num_branches": 2716, "num_partial_branches": 42, "covered_branches": 128, "missing_branches": 2588}}